Available devices: [CudaDevice(id=0), CudaDevice(id=1), CudaDevice(id=2), CudaDevice(id=3)]
Created a new run folder at: ./runs/241213-131334/
Completed copied scripts 
HDF5 Dataset Keys: <KeysViewHDF5 ['train_encod_data', 'train_recon_data', 'valid_encod_data', 'valid_recon_data']>
train data shape: (1, 18537, 175, 32)
test data shape: (1, 18537, 175, 32)
Number of learnable parameters in the encoder: 8.4 k
Number of learnable parameters in the genetor: 158.1 k
Number of learnable parameters in the reconstructing decoder: 0.3 k


=== Beginning Training ... ===

Compiling function "train_step" ...

Compiling function "train_step" ...
    Epoch:     0      LossNode: 119.035850524902      Rec_Loss: 1.174228787422      KL_Loss: 112.821784973145
    Epoch:     1      LossNode: 108.752647399902      Rec_Loss: 1.043057084084      KL_Loss: 103.331336975098
    Epoch:     2      LossNode: 97.668006896973      Rec_Loss: 0.961032748222      KL_Loss: 90.247322082520
    Epoch:     3      LossNode: 78.989723205566      Rec_Loss: 0.883943676949      KL_Loss: 65.555168151855
    Epoch:     5      LossNode: 27.848270416260      Rec_Loss: 0.762222707272      KL_Loss: 17.295997619629
    Epoch:    10      LossNode: 1.344825029373      Rec_Loss: 0.602471888065      KL_Loss: 0.722834765911
    Epoch:    15      LossNode: 0.857006371021      Rec_Loss: 0.537115514278      KL_Loss: 0.346002757549
    Epoch:    20      LossNode: 0.688346564770      Rec_Loss: 0.463467568159      KL_Loss: 0.234276965261
    Epoch:    25      LossNode: 0.580889940262      Rec_Loss: 0.425205618143      KL_Loss: 0.175398603082
    Epoch:    30      LossNode: 0.525660336018      Rec_Loss: 0.385280936956      KL_Loss: 0.138412475586
    Epoch:    35      LossNode: 0.492920696735      Rec_Loss: 0.382650226355      KL_Loss: 0.113444179296
    Epoch:    40      LossNode: 0.466573566198      Rec_Loss: 0.368856281042      KL_Loss: 0.095688395202
    Epoch:    45      LossNode: 0.454482287169      Rec_Loss: 0.383272945881      KL_Loss: 0.082896433771
    Epoch:    50      LossNode: 0.434547990561      Rec_Loss: 0.358549833298      KL_Loss: 0.072606362402
    Epoch:    55      LossNode: 0.420639365911      Rec_Loss: 0.352913290262      KL_Loss: 0.064471259713
    Epoch:    60      LossNode: 0.410717576742      Rec_Loss: 0.349207252264      KL_Loss: 0.058053564280
    Epoch:    65      LossNode: 0.399428427219      Rec_Loss: 0.344229608774      KL_Loss: 0.052732598037
    Epoch:    70      LossNode: 0.392497748137      Rec_Loss: 0.342283815145      KL_Loss: 0.048096716404
    Epoch:    75      LossNode: 0.388051062822      Rec_Loss: 0.338226139545      KL_Loss: 0.044344309717
    Epoch:    80      LossNode: 0.378085255623      Rec_Loss: 0.333458065987      KL_Loss: 0.041265916079
    Epoch:    85      LossNode: 0.374127745628      Rec_Loss: 0.334679454565      KL_Loss: 0.038475658745
    Epoch:    90      LossNode: 0.369442105293      Rec_Loss: 0.331126928329      KL_Loss: 0.036026038229
    Epoch:    95      LossNode: 0.370071470737      Rec_Loss: 0.334182053804      KL_Loss: 0.033673305064
    Epoch:   100      LossNode: 0.359937459230      Rec_Loss: 0.324807941914      KL_Loss: 0.031878747046
    Epoch:   105      LossNode: 0.355769604445      Rec_Loss: 0.323728144169      KL_Loss: 0.030402041972
    Epoch:   110      LossNode: 0.353465378284      Rec_Loss: 0.321153104305      KL_Loss: 0.028885705397
    Epoch:   115      LossNode: 0.349538654089      Rec_Loss: 0.318141072989      KL_Loss: 0.027253400534
    Epoch:   120      LossNode: 0.348631441593      Rec_Loss: 0.319910347462      KL_Loss: 0.025815656409
    Epoch:   125      LossNode: 0.344897240400      Rec_Loss: 0.315597146749      KL_Loss: 0.024704623967
    Epoch:   130      LossNode: 0.353839457035      Rec_Loss: 0.335345149040      KL_Loss: 0.023648679256
    Epoch:   135      LossNode: 0.342602729797      Rec_Loss: 0.318158686161      KL_Loss: 0.022739648819
    Epoch:   140      LossNode: 0.341694116592      Rec_Loss: 0.316854715347      KL_Loss: 0.021881282330
    Epoch:   145      LossNode: 0.339872509241      Rec_Loss: 0.316719591618      KL_Loss: 0.021042603999
    Epoch:   150      LossNode: 0.345039427280      Rec_Loss: 0.323071837425      KL_Loss: 0.020343882963
    Epoch:   155      LossNode: 0.337350726128      Rec_Loss: 0.314110368490      KL_Loss: 0.019640289247
    Epoch:   160      LossNode: 0.334258407354      Rec_Loss: 0.312508612871      KL_Loss: 0.019030950963
    Epoch:   165      LossNode: 0.333210468292      Rec_Loss: 0.310996383429      KL_Loss: 0.018458612263
    Epoch:   170      LossNode: 0.331910490990      Rec_Loss: 0.310730606318      KL_Loss: 0.017944471911
    Epoch:   175      LossNode: 0.330549061298      Rec_Loss: 0.309836298227      KL_Loss: 0.017464881763
    Epoch:   180      LossNode: 0.329115927219      Rec_Loss: 0.307708263397      KL_Loss: 0.017016930506
    Epoch:   185      LossNode: 0.329233855009      Rec_Loss: 0.309189766645      KL_Loss: 0.016592310742
    Epoch:   190      LossNode: 0.327633649111      Rec_Loss: 0.308097302914      KL_Loss: 0.016197836027
    Epoch:   195      LossNode: 0.327376335859      Rec_Loss: 0.309384971857      KL_Loss: 0.015815883875
    Epoch:   199      LossNode: 0.325959175825      Rec_Loss: 0.305945783854      KL_Loss: 0.015594907105
