Available devices: [CudaDevice(id=0)]
Created a new run folder at: ./runs/241114-230637/
Completed copied scripts 
HDF5 Dataset Keys: <KeysViewHDF5 ['train_encod_data', 'train_recon_data', 'valid_encod_data', 'valid_recon_data']>
train data shape: (1, 18537, 201, 32)
test data shape: (1, 10, 201, 32)


=== Beginning Training ... ===

Compiling function "train_step" ...

Compiling function "train_step" ...
    Epoch:     0      LossNode: 3136.94311523      Rec_Loss: 3202.12036133      KL_Loss: 0.00000000
    Epoch:     1      LossNode: 2971.55444336      Rec_Loss: 3033.29174805      KL_Loss: 0.00000000
    Epoch:     2      LossNode: 2753.85864258      Rec_Loss: 2779.66162109      KL_Loss: 0.00000000
    Epoch:     3      LossNode: 2505.47583008      Rec_Loss: 2533.08471680      KL_Loss: 0.00000000
    Epoch:     4      LossNode: 2298.42675781      Rec_Loss: 2333.65161133      KL_Loss: 0.00000000
    Epoch:     5      LossNode: 2102.52075195      Rec_Loss: 2163.66796875      KL_Loss: 0.00000000
    Epoch:     6      LossNode: 1939.74719238      Rec_Loss: 1992.63635254      KL_Loss: 0.00000000
    Epoch:     7      LossNode: 1793.33459473      Rec_Loss: 1871.45068359      KL_Loss: 0.00000000
    Epoch:     8      LossNode: 1661.51440430      Rec_Loss: 1687.98791504      KL_Loss: 0.00000000
    Epoch:     9      LossNode: 1532.83349609      Rec_Loss: 1598.11682129      KL_Loss: 0.00000000
    Epoch:    10      LossNode: 1425.70190430      Rec_Loss: 1462.14514160      KL_Loss: 0.00000000
    Epoch:    11      LossNode: 1316.41589355      Rec_Loss: 1363.66760254      KL_Loss: 0.00000000
    Epoch:    12      LossNode: 1222.05773926      Rec_Loss: 1272.99780273      KL_Loss: 0.00000000
    Epoch:    13      LossNode: 1140.25378418      Rec_Loss: 1172.70361328      KL_Loss: 0.00000000
    Epoch:    14      LossNode: 1082.33984375      Rec_Loss: 1089.44592285      KL_Loss: 0.00000000
    Epoch:    15      LossNode: 1009.56390381      Rec_Loss: 1012.12078857      KL_Loss: 0.00000000
    Epoch:    16      LossNode: 942.14093018      Rec_Loss: 952.48406982      KL_Loss: 0.00000000
    Epoch:    17      LossNode: 874.13916016      Rec_Loss: 891.03955078      KL_Loss: 0.00000000
    Epoch:    18      LossNode: 812.94378662      Rec_Loss: 814.42590332      KL_Loss: 0.00000000
    Epoch:    19      LossNode: 758.75152588      Rec_Loss: 785.54956055      KL_Loss: 0.00000000
    Epoch:    20      LossNode: 706.96759033      Rec_Loss: 726.26550293      KL_Loss: 0.00000000
    Epoch:    21      LossNode: 663.78308105      Rec_Loss: 678.35015869      KL_Loss: 0.00000000
    Epoch:    22      LossNode: 623.91381836      Rec_Loss: 653.20385742      KL_Loss: 0.00000000
    Epoch:    23      LossNode: 581.44616699      Rec_Loss: 593.31781006      KL_Loss: 0.00000000
    Epoch:    24      LossNode: 546.65179443      Rec_Loss: 574.30682373      KL_Loss: 0.00000000
    Epoch:    25      LossNode: 531.43731689      Rec_Loss: 551.47595215      KL_Loss: 0.00000000
    Epoch:    26      LossNode: 502.64782715      Rec_Loss: 517.95037842      KL_Loss: 0.00000000
    Epoch:    27      LossNode: 473.97497559      Rec_Loss: 500.70574951      KL_Loss: 0.00000000
    Epoch:    28      LossNode: 460.64715576      Rec_Loss: 462.76095581      KL_Loss: 0.00000000
    Epoch:    29      LossNode: 416.69219971      Rec_Loss: 417.68429565      KL_Loss: 0.00000000
    Epoch:    30      LossNode: 378.55465698      Rec_Loss: 379.07833862      KL_Loss: 0.00000000
    Epoch:    31      LossNode: 347.93179321      Rec_Loss: 352.86657715      KL_Loss: 0.00000000
    Epoch:    32      LossNode: 325.21240234      Rec_Loss: 329.21652222      KL_Loss: 0.00000000
    Epoch:    33      LossNode: 301.27465820      Rec_Loss: 306.96557617      KL_Loss: 0.00000000
    Epoch:    34      LossNode: 283.92736816      Rec_Loss: 287.22143555      KL_Loss: 0.00000000
    Epoch:    35      LossNode: 267.99948120      Rec_Loss: 276.43740845      KL_Loss: 0.00000000
    Epoch:    36      LossNode: 253.18635559      Rec_Loss: 257.73526001      KL_Loss: 0.00000000
    Epoch:    37      LossNode: 239.13539124      Rec_Loss: 243.83374023      KL_Loss: 0.00000000
    Epoch:    38      LossNode: 226.70008850      Rec_Loss: 233.82241821      KL_Loss: 0.00000000
    Epoch:    39      LossNode: 214.89968872      Rec_Loss: 220.44671631      KL_Loss: 0.00000000
    Epoch:    40      LossNode: 205.11735535      Rec_Loss: 210.29771423      KL_Loss: 0.00000000
    Epoch:    41      LossNode: 194.21934509      Rec_Loss: 201.80784607      KL_Loss: 0.00000000
    Epoch:    42      LossNode: 188.00314331      Rec_Loss: 203.82061768      KL_Loss: 0.00000000
    Epoch:    43      LossNode: 185.94821167      Rec_Loss: 196.25538635      KL_Loss: 0.00000000
    Epoch:    44      LossNode: 176.78770447      Rec_Loss: 187.50268555      KL_Loss: 0.00000000
    Epoch:    45      LossNode: 168.70536804      Rec_Loss: 176.35655212      KL_Loss: 0.00000000
    Epoch:    46      LossNode: 160.61010742      Rec_Loss: 170.97941589      KL_Loss: 0.00000000
    Epoch:    47      LossNode: 154.28076172      Rec_Loss: 165.95906067      KL_Loss: 0.00000000
    Epoch:    48      LossNode: 147.34094238      Rec_Loss: 159.40357971      KL_Loss: 0.00000000
    Epoch:    49      LossNode: 141.44696045      Rec_Loss: 151.14671326      KL_Loss: 0.00000000
    Epoch:    50      LossNode: 135.25656128      Rec_Loss: 143.01071167      KL_Loss: 0.00000000
    Epoch:    51      LossNode: 130.73475647      Rec_Loss: 139.83084106      KL_Loss: 0.00000000
    Epoch:    52      LossNode: 126.24267578      Rec_Loss: 134.28079224      KL_Loss: 0.00000000
    Epoch:    53      LossNode: 121.85629272      Rec_Loss: 131.04779053      KL_Loss: 0.00000000
    Epoch:    54      LossNode: 118.02477264      Rec_Loss: 125.45490265      KL_Loss: 0.00000000
    Epoch:    55      LossNode: 114.19677734      Rec_Loss: 121.08438110      KL_Loss: 0.00000000
    Epoch:    56      LossNode: 110.92530823      Rec_Loss: 118.64276123      KL_Loss: 0.00000000
    Epoch:    57      LossNode: 107.54487610      Rec_Loss: 113.55017090      KL_Loss: 0.00000000
    Epoch:    58      LossNode: 104.99351501      Rec_Loss: 111.09372711      KL_Loss: 0.00000000
    Epoch:    59      LossNode: 101.92940521      Rec_Loss: 108.48844910      KL_Loss: 0.00000000
    Epoch:    60      LossNode: 99.11975861      Rec_Loss: 106.65200043      KL_Loss: 0.00000000
    Epoch:    61      LossNode: 96.92248535      Rec_Loss: 102.76898193      KL_Loss: 0.00000000
    Epoch:    62      LossNode: 94.78962708      Rec_Loss: 103.10874939      KL_Loss: 0.00000000
    Epoch:    63      LossNode: 92.67590332      Rec_Loss: 100.65806580      KL_Loss: 0.00000000
    Epoch:    64      LossNode: 90.86538696      Rec_Loss: 98.49546051      KL_Loss: 0.00000000
    Epoch:    65      LossNode: 88.99191284      Rec_Loss: 96.36462402      KL_Loss: 0.00000000
    Epoch:    66      LossNode: 87.55269623      Rec_Loss: 95.53617096      KL_Loss: 0.00000000
    Epoch:    67      LossNode: 85.65525055      Rec_Loss: 93.68006897      KL_Loss: 0.00000000
    Epoch:    68      LossNode: 84.12658691      Rec_Loss: 91.53639984      KL_Loss: 0.00000000
    Epoch:    69      LossNode: 82.51590729      Rec_Loss: 89.74905396      KL_Loss: 0.00000000
    Epoch:    70      LossNode: 81.36573029      Rec_Loss: 88.93862152      KL_Loss: 0.00000000
    Epoch:    71      LossNode: 80.33892059      Rec_Loss: 86.53588104      KL_Loss: 0.00000000
    Epoch:    72      LossNode: 79.50753784      Rec_Loss: 87.02964020      KL_Loss: 0.00000000
    Epoch:    73      LossNode: 78.16075134      Rec_Loss: 84.25009918      KL_Loss: 0.00000000
    Epoch:    74      LossNode: 77.16520691      Rec_Loss: 83.41154480      KL_Loss: 0.00000000
    Epoch:    75      LossNode: 76.10113525      Rec_Loss: 82.52117920      KL_Loss: 0.00000000
    Epoch:    76      LossNode: 75.18472290      Rec_Loss: 82.79435730      KL_Loss: 0.00000000
    Epoch:    77      LossNode: 74.55278778      Rec_Loss: 81.38831329      KL_Loss: 0.00000000
    Epoch:    78      LossNode: 73.68772125      Rec_Loss: 79.94234467      KL_Loss: 0.00000000
    Epoch:    79      LossNode: 72.97743225      Rec_Loss: 79.87454224      KL_Loss: 0.00000000
    Epoch:    80      LossNode: 72.31349182      Rec_Loss: 79.24589539      KL_Loss: 0.00000000
    Epoch:    81      LossNode: 71.57022095      Rec_Loss: 77.50907135      KL_Loss: 0.00000000
    Epoch:    82      LossNode: 70.78982544      Rec_Loss: 77.13637543      KL_Loss: 0.00000000
    Epoch:    83      LossNode: 70.53717804      Rec_Loss: 76.23329163      KL_Loss: 0.00000000
    Epoch:    84      LossNode: 69.87931061      Rec_Loss: 77.91219330      KL_Loss: 0.00000000
    Epoch:    85      LossNode: 69.46234131      Rec_Loss: 75.50930023      KL_Loss: 0.00000000
    Epoch:    86      LossNode: 70.45863342      Rec_Loss: 74.68411255      KL_Loss: 0.00000000
    Epoch:    87      LossNode: 69.67591858      Rec_Loss: 73.50492859      KL_Loss: 0.00000000
    Epoch:    88      LossNode: 69.13050842      Rec_Loss: 73.51608276      KL_Loss: 0.00000000
    Epoch:    89      LossNode: 68.41522980      Rec_Loss: 73.27384949      KL_Loss: 0.00000000
    Epoch:    90      LossNode: 67.98618317      Rec_Loss: 72.67744446      KL_Loss: 0.00000000
    Epoch:    91      LossNode: 67.46411133      Rec_Loss: 71.34963226      KL_Loss: 0.00000000
    Epoch:    92      LossNode: 67.10100555      Rec_Loss: 71.45083618      KL_Loss: 0.00000000
    Epoch:    93      LossNode: 66.84317780      Rec_Loss: 71.12532043      KL_Loss: 0.00000000
    Epoch:    94      LossNode: 66.49886322      Rec_Loss: 71.69057465      KL_Loss: 0.00000000
    Epoch:    95      LossNode: 66.10519409      Rec_Loss: 70.80242920      KL_Loss: 0.00000000
    Epoch:    96      LossNode: 65.68687439      Rec_Loss: 70.68547058      KL_Loss: 0.00000000
    Epoch:    97      LossNode: 65.42240143      Rec_Loss: 70.41271210      KL_Loss: 0.00000000
    Epoch:    98      LossNode: 65.19578552      Rec_Loss: 69.35650635      KL_Loss: 0.00000000
    Epoch:    99      LossNode: 64.84051514      Rec_Loss: 70.61331177      KL_Loss: 0.00000000
    Epoch:   100      LossNode: 64.89240265      Rec_Loss: 68.69684601      KL_Loss: 0.00000000
    Epoch:   101      LossNode: 64.70035553      Rec_Loss: 70.93927765      KL_Loss: 0.00000000
    Epoch:   102      LossNode: 64.53785706      Rec_Loss: 69.97277832      KL_Loss: 0.00000000
    Epoch:   103      LossNode: 64.19128418      Rec_Loss: 68.56598663      KL_Loss: 0.00000000
    Epoch:   104      LossNode: 64.27449036      Rec_Loss: 68.56738281      KL_Loss: 0.00000000
    Epoch:   105      LossNode: 63.79510880      Rec_Loss: 68.74682617      KL_Loss: 0.00000000
    Epoch:   106      LossNode: 63.87940979      Rec_Loss: 68.05978394      KL_Loss: 0.00000000
    Epoch:   107      LossNode: 63.69114685      Rec_Loss: 68.10070801      KL_Loss: 0.00000000
    Epoch:   108      LossNode: 63.67173386      Rec_Loss: 69.36619568      KL_Loss: 0.00000000
    Epoch:   109      LossNode: 63.48020554      Rec_Loss: 69.61652374      KL_Loss: 0.00000000
    Epoch:   110      LossNode: 63.19705582      Rec_Loss: 67.14326477      KL_Loss: 0.00000000
    Epoch:   111      LossNode: 63.05459213      Rec_Loss: 67.89692688      KL_Loss: 0.00000000
    Epoch:   112      LossNode: 63.10753250      Rec_Loss: 67.93605042      KL_Loss: 0.00000000
    Epoch:   113      LossNode: 63.05044556      Rec_Loss: 66.52523804      KL_Loss: 0.00000000
    Epoch:   114      LossNode: 62.86804962      Rec_Loss: 67.70504761      KL_Loss: 0.00000000
    Epoch:   115      LossNode: 62.64647675      Rec_Loss: 67.30474091      KL_Loss: 0.00000000
    Epoch:   116      LossNode: 62.51340103      Rec_Loss: 66.83209991      KL_Loss: 0.00000000
    Epoch:   117      LossNode: 62.63438034      Rec_Loss: 67.70320892      KL_Loss: 0.00000000
    Epoch:   118      LossNode: 62.46751404      Rec_Loss: 66.64224243      KL_Loss: 0.00000000
    Epoch:   119      LossNode: 62.33988571      Rec_Loss: 67.02253723      KL_Loss: 0.00000000
    Epoch:   120      LossNode: 62.30894089      Rec_Loss: 66.97505188      KL_Loss: 0.00000000
    Epoch:   121      LossNode: 62.40533066      Rec_Loss: 67.94610596      KL_Loss: 0.00000000
    Epoch:   122      LossNode: 62.16120148      Rec_Loss: 66.69832611      KL_Loss: 0.00000000
    Epoch:   123      LossNode: 62.36656952      Rec_Loss: 67.15654755      KL_Loss: 0.00000000
    Epoch:   124      LossNode: 62.58947754      Rec_Loss: 66.12249756      KL_Loss: 0.00000000
    Epoch:   125      LossNode: 62.51899719      Rec_Loss: 66.69155884      KL_Loss: 0.00000000
    Epoch:   126      LossNode: 62.46245575      Rec_Loss: 65.30738068      KL_Loss: 0.00000000
    Epoch:   127      LossNode: 62.13188553      Rec_Loss: 64.42481232      KL_Loss: 0.00000000
    Epoch:   128      LossNode: 62.20446396      Rec_Loss: 64.93793488      KL_Loss: 0.00000000
    Epoch:   129      LossNode: 62.18435669      Rec_Loss: 66.61795044      KL_Loss: 0.00000000
    Epoch:   130      LossNode: 62.18161011      Rec_Loss: 65.44091797      KL_Loss: 0.00000000
    Epoch:   131      LossNode: 61.90032196      Rec_Loss: 65.69928741      KL_Loss: 0.00000000
    Epoch:   132      LossNode: 62.19344711      Rec_Loss: 65.36500549      KL_Loss: 0.00000000
    Epoch:   133      LossNode: 62.04877853      Rec_Loss: 66.97016144      KL_Loss: 0.00000000
    Epoch:   134      LossNode: 62.04037476      Rec_Loss: 66.44738770      KL_Loss: 0.00000000
    Epoch:   135      LossNode: 61.84499359      Rec_Loss: 65.30776978      KL_Loss: 0.00000000
    Epoch:   136      LossNode: 61.89057922      Rec_Loss: 66.46002197      KL_Loss: 0.00000000
    Epoch:   137      LossNode: 62.07692337      Rec_Loss: 66.35842133      KL_Loss: 0.00000000
    Epoch:   138      LossNode: 61.98316193      Rec_Loss: 65.24118042      KL_Loss: 0.00000000
    Epoch:   139      LossNode: 61.80027390      Rec_Loss: 66.28610992      KL_Loss: 0.00000000
    Epoch:   140      LossNode: 61.79977036      Rec_Loss: 65.80169678      KL_Loss: 0.00000000
    Epoch:   141      LossNode: 62.16846848      Rec_Loss: 66.15193939      KL_Loss: 0.00000000
    Epoch:   142      LossNode: 61.64871979      Rec_Loss: 64.91879272      KL_Loss: 0.00000000
    Epoch:   143      LossNode: 61.66307068      Rec_Loss: 66.15817261      KL_Loss: 0.00000000
    Epoch:   144      LossNode: 61.75164413      Rec_Loss: 66.11279297      KL_Loss: 0.00000000
    Epoch:   145      LossNode: 61.91128159      Rec_Loss: 66.29689789      KL_Loss: 0.00000000
    Epoch:   146      LossNode: 61.84136581      Rec_Loss: 64.85257721      KL_Loss: 0.00000000
    Epoch:   147      LossNode: 61.73181152      Rec_Loss: 65.32889557      KL_Loss: 0.00000000
    Epoch:   148      LossNode: 61.79679871      Rec_Loss: 65.55532837      KL_Loss: 0.00000000
    Epoch:   149      LossNode: 61.90051651      Rec_Loss: 67.36524200      KL_Loss: 0.00000000
    Epoch:   150      LossNode: 61.52212143      Rec_Loss: 66.41398621      KL_Loss: 0.00000000
    Epoch:   151      LossNode: 61.56952667      Rec_Loss: 66.34487152      KL_Loss: 0.00000000
    Epoch:   152      LossNode: 61.95569611      Rec_Loss: 66.81497192      KL_Loss: 0.00000000
    Epoch:   153      LossNode: 61.55253983      Rec_Loss: 66.44458008      KL_Loss: 0.00000000
    Epoch:   154      LossNode: 61.88366318      Rec_Loss: 66.37760162      KL_Loss: 0.00000000
    Epoch:   155      LossNode: 61.57144547      Rec_Loss: 65.55025482      KL_Loss: 0.00000000
    Epoch:   156      LossNode: 61.60884857      Rec_Loss: 65.36633301      KL_Loss: 0.00000000
    Epoch:   157      LossNode: 61.64065552      Rec_Loss: 66.45719910      KL_Loss: 0.00000000
    Epoch:   158      LossNode: 61.61591721      Rec_Loss: 65.20319366      KL_Loss: 0.00000000
    Epoch:   159      LossNode: 61.74918365      Rec_Loss: 65.77052307      KL_Loss: 0.00000000
    Epoch:   160      LossNode: 61.75512695      Rec_Loss: 66.36475372      KL_Loss: 0.00000000
    Epoch:   161      LossNode: 61.70264816      Rec_Loss: 65.77787018      KL_Loss: 0.00000000
    Epoch:   162      LossNode: 61.51313782      Rec_Loss: 66.00741577      KL_Loss: 0.00000000
    Epoch:   163      LossNode: 61.39285278      Rec_Loss: 64.60280609      KL_Loss: 0.00000000
    Epoch:   164      LossNode: 61.55603409      Rec_Loss: 64.43004608      KL_Loss: 0.00000000
    Epoch:   165      LossNode: 61.69379044      Rec_Loss: 64.98783875      KL_Loss: 0.00000000
    Epoch:   166      LossNode: 61.38323975      Rec_Loss: 64.84173584      KL_Loss: 0.00000000
    Epoch:   167      LossNode: 61.51235962      Rec_Loss: 65.20040894      KL_Loss: 0.00000000
    Epoch:   168      LossNode: 61.35211563      Rec_Loss: 65.08896637      KL_Loss: 0.00000000
    Epoch:   169      LossNode: 61.51552582      Rec_Loss: 65.63394928      KL_Loss: 0.00000000
    Epoch:   170      LossNode: 61.68122482      Rec_Loss: 65.94910431      KL_Loss: 0.00000000
    Epoch:   171      LossNode: 61.38922882      Rec_Loss: 65.47194672      KL_Loss: 0.00000000
    Epoch:   172      LossNode: 61.57223129      Rec_Loss: 64.64642334      KL_Loss: 0.00000000
    Epoch:   173      LossNode: 61.55294800      Rec_Loss: 65.61234283      KL_Loss: 0.00000000
    Epoch:   174      LossNode: 61.58776855      Rec_Loss: 66.63097382      KL_Loss: 0.00000000
    Epoch:   175      LossNode: 61.58463287      Rec_Loss: 65.61816406      KL_Loss: 0.00000000
    Epoch:   176      LossNode: 61.54019928      Rec_Loss: 66.55745697      KL_Loss: 0.00000000
    Epoch:   177      LossNode: 61.34144592      Rec_Loss: 66.27938843      KL_Loss: 0.00000000
    Epoch:   178      LossNode: 61.65988159      Rec_Loss: 65.70623016      KL_Loss: 0.00000000
    Epoch:   179      LossNode: 61.53386688      Rec_Loss: 65.85427856      KL_Loss: 0.00000000
    Epoch:   180      LossNode: 61.43258667      Rec_Loss: 64.93872833      KL_Loss: 0.00000000
    Epoch:   181      LossNode: 61.43540955      Rec_Loss: 66.58470154      KL_Loss: 0.00000000
    Epoch:   182      LossNode: 61.56994629      Rec_Loss: 65.73973846      KL_Loss: 0.00000000
    Epoch:   183      LossNode: 61.53278351      Rec_Loss: 65.64516449      KL_Loss: 0.00000000
    Epoch:   184      LossNode: 61.50197601      Rec_Loss: 65.84310150      KL_Loss: 0.00000000
    Epoch:   185      LossNode: 61.67728424      Rec_Loss: 67.38830566      KL_Loss: 0.00000000
    Epoch:   186      LossNode: 61.41298294      Rec_Loss: 65.22209930      KL_Loss: 0.00000000
    Epoch:   187      LossNode: 61.62648773      Rec_Loss: 64.93466187      KL_Loss: 0.00000000
    Epoch:   188      LossNode: 61.66952133      Rec_Loss: 66.92793274      KL_Loss: 0.00000000
    Epoch:   189      LossNode: 61.73491669      Rec_Loss: 67.53609467      KL_Loss: 0.00000000
    Epoch:   190      LossNode: 61.49797821      Rec_Loss: 66.76625824      KL_Loss: 0.00000000
    Epoch:   191      LossNode: 61.65153122      Rec_Loss: 66.07733154      KL_Loss: 0.00000000
    Epoch:   192      LossNode: 61.42883301      Rec_Loss: 65.14820099      KL_Loss: 0.00000000
    Epoch:   193      LossNode: 61.53891754      Rec_Loss: 67.44567108      KL_Loss: 0.00000000
    Epoch:   194      LossNode: 61.55957794      Rec_Loss: 66.49392700      KL_Loss: 0.00000000
    Epoch:   195      LossNode: 61.51468658      Rec_Loss: 65.00804901      KL_Loss: 0.00000000
    Epoch:   196      LossNode: 61.62874222      Rec_Loss: 66.95378113      KL_Loss: 0.00000000
    Epoch:   197      LossNode: 61.51126480      Rec_Loss: 65.76383209      KL_Loss: 0.00000000
    Epoch:   198      LossNode: 61.45638275      Rec_Loss: 66.19516754      KL_Loss: 0.00000000
    Epoch:   199      LossNode: 61.38766479      Rec_Loss: 65.46626282      KL_Loss: 0.00000000
    Epoch:   200      LossNode: 61.49601746      Rec_Loss: 65.81017303      KL_Loss: 0.00000000
    Epoch:   201      LossNode: 61.70975876      Rec_Loss: 66.88171387      KL_Loss: 0.00000000
    Epoch:   202      LossNode: 61.46084595      Rec_Loss: 67.62684631      KL_Loss: 0.00000000
    Epoch:   203      LossNode: 61.60151291      Rec_Loss: 66.74631500      KL_Loss: 0.00000000
    Epoch:   204      LossNode: 61.50593948      Rec_Loss: 65.45247650      KL_Loss: 0.00000000
    Epoch:   205      LossNode: 61.24034500      Rec_Loss: 66.04017639      KL_Loss: 0.00000000
    Epoch:   206      LossNode: 61.57531738      Rec_Loss: 66.46829224      KL_Loss: 0.00000000
    Epoch:   207      LossNode: 61.62462997      Rec_Loss: 66.85736847      KL_Loss: 0.00000000
    Epoch:   208      LossNode: 61.19972992      Rec_Loss: 64.53547668      KL_Loss: 0.00000000
    Epoch:   209      LossNode: 61.58603668      Rec_Loss: 66.61606598      KL_Loss: 0.00000000
    Epoch:   210      LossNode: 61.51951218      Rec_Loss: 64.94116974      KL_Loss: 0.00000000
    Epoch:   211      LossNode: 61.39309692      Rec_Loss: 65.75221252      KL_Loss: 0.00000000
    Epoch:   212      LossNode: 61.61537933      Rec_Loss: 66.69327545      KL_Loss: 0.00000000
    Epoch:   213      LossNode: 61.41666412      Rec_Loss: 66.12197876      KL_Loss: 0.00000000
    Epoch:   214      LossNode: 61.51407623      Rec_Loss: 65.14587402      KL_Loss: 0.00000000
    Epoch:   215      LossNode: 61.49189377      Rec_Loss: 66.05230713      KL_Loss: 0.00000000
    Epoch:   216      LossNode: 61.65638351      Rec_Loss: 66.86341095      KL_Loss: 0.00000000
    Epoch:   217      LossNode: 61.66399002      Rec_Loss: 67.04811096      KL_Loss: 0.00000000
    Epoch:   218      LossNode: 61.51531219      Rec_Loss: 65.24505615      KL_Loss: 0.00000000
    Epoch:   219      LossNode: 61.31751251      Rec_Loss: 64.70957184      KL_Loss: 0.00000000
    Epoch:   220      LossNode: 61.50503540      Rec_Loss: 66.02317810      KL_Loss: 0.00000000
    Epoch:   221      LossNode: 61.68786621      Rec_Loss: 66.74307251      KL_Loss: 0.00000000
    Epoch:   222      LossNode: 61.60285950      Rec_Loss: 66.49196625      KL_Loss: 0.00000000
    Epoch:   223      LossNode: 61.46083069      Rec_Loss: 66.26156616      KL_Loss: 0.00000000
    Epoch:   224      LossNode: 61.36271286      Rec_Loss: 66.06912994      KL_Loss: 0.00000000
    Epoch:   225      LossNode: 61.43646622      Rec_Loss: 66.55657959      KL_Loss: 0.00000000
    Epoch:   226      LossNode: 61.53237915      Rec_Loss: 66.61113739      KL_Loss: 0.00000000
    Epoch:   227      LossNode: 61.42599869      Rec_Loss: 66.25164032      KL_Loss: 0.00000000
    Epoch:   228      LossNode: 61.63609695      Rec_Loss: 66.09863281      KL_Loss: 0.00000000
    Epoch:   229      LossNode: 61.43457031      Rec_Loss: 65.96981812      KL_Loss: 0.00000000
    Epoch:   230      LossNode: 61.42155457      Rec_Loss: 65.47431946      KL_Loss: 0.00000000
    Epoch:   231      LossNode: 61.31419373      Rec_Loss: 65.53582764      KL_Loss: 0.00000000
    Epoch:   232      LossNode: 61.65633774      Rec_Loss: 67.43106842      KL_Loss: 0.00000000
    Epoch:   233      LossNode: 61.31106186      Rec_Loss: 65.81427765      KL_Loss: 0.00000000
    Epoch:   234      LossNode: 61.63998032      Rec_Loss: 65.15179443      KL_Loss: 0.00000000
    Epoch:   235      LossNode: 61.36137772      Rec_Loss: 65.65506744      KL_Loss: 0.00000000
    Epoch:   236      LossNode: 61.68999863      Rec_Loss: 66.85213470      KL_Loss: 0.00000000
    Epoch:   237      LossNode: 61.44438934      Rec_Loss: 65.88281250      KL_Loss: 0.00000000
    Epoch:   238      LossNode: 61.60598755      Rec_Loss: 65.93122101      KL_Loss: 0.00000000
    Epoch:   239      LossNode: 61.52696609      Rec_Loss: 64.29096222      KL_Loss: 0.00000000
    Epoch:   240      LossNode: 61.35780334      Rec_Loss: 66.33297729      KL_Loss: 0.00000000
    Epoch:   241      LossNode: 61.39768600      Rec_Loss: 66.46702576      KL_Loss: 0.00000000
    Epoch:   242      LossNode: 61.76716614      Rec_Loss: 66.93076324      KL_Loss: 0.00000000
    Epoch:   243      LossNode: 61.54477310      Rec_Loss: 65.89714813      KL_Loss: 0.00000000
    Epoch:   244      LossNode: 61.48299026      Rec_Loss: 65.00571442      KL_Loss: 0.00000000
    Epoch:   245      LossNode: 61.54922104      Rec_Loss: 65.97808838      KL_Loss: 0.00000000
    Epoch:   246      LossNode: 61.30058670      Rec_Loss: 66.16068268      KL_Loss: 0.00000000
    Epoch:   247      LossNode: 61.47396088      Rec_Loss: 65.37470245      KL_Loss: 0.00000000
    Epoch:   248      LossNode: 61.43199921      Rec_Loss: 65.37931824      KL_Loss: 0.00000000
    Epoch:   249      LossNode: 61.49995804      Rec_Loss: 65.80471039      KL_Loss: 0.00000000
    Epoch:   250      LossNode: 61.33557129      Rec_Loss: 66.29253387      KL_Loss: 0.00000000
    Epoch:   251      LossNode: 61.42603683      Rec_Loss: 66.17321777      KL_Loss: 0.00000000
    Epoch:   252      LossNode: 61.51872253      Rec_Loss: 65.77052307      KL_Loss: 0.00000000
    Epoch:   253      LossNode: 61.49970245      Rec_Loss: 64.83268738      KL_Loss: 0.00000000
    Epoch:   254      LossNode: 61.51908875      Rec_Loss: 65.18323517      KL_Loss: 0.00000000
    Epoch:   255      LossNode: 61.45084763      Rec_Loss: 65.20980072      KL_Loss: 0.00000000
    Epoch:   256      LossNode: 61.52536392      Rec_Loss: 66.56133270      KL_Loss: 0.00000000
    Epoch:   257      LossNode: 61.44934082      Rec_Loss: 66.69349670      KL_Loss: 0.00000000
    Epoch:   258      LossNode: 61.30754089      Rec_Loss: 65.15805054      KL_Loss: 0.00000000
    Epoch:   259      LossNode: 61.59140015      Rec_Loss: 65.95744324      KL_Loss: 0.00000000
    Epoch:   260      LossNode: 61.30728149      Rec_Loss: 66.64902496      KL_Loss: 0.00000000
    Epoch:   261      LossNode: 61.30154037      Rec_Loss: 65.86851501      KL_Loss: 0.00000000
    Epoch:   262      LossNode: 61.44939804      Rec_Loss: 65.77487946      KL_Loss: 0.00000000
    Epoch:   263      LossNode: 61.46832275      Rec_Loss: 65.54959869      KL_Loss: 0.00000000
    Epoch:   264      LossNode: 61.54554749      Rec_Loss: 66.35971069      KL_Loss: 0.00000000
    Epoch:   265      LossNode: 61.36484528      Rec_Loss: 65.54217529      KL_Loss: 0.00000000
    Epoch:   266      LossNode: 61.52780914      Rec_Loss: 66.15782166      KL_Loss: 0.00000000
    Epoch:   267      LossNode: 61.46399307      Rec_Loss: 66.22204590      KL_Loss: 0.00000000
    Epoch:   268      LossNode: 61.26369095      Rec_Loss: 65.44329834      KL_Loss: 0.00000000
    Epoch:   269      LossNode: 61.52401733      Rec_Loss: 66.20647430      KL_Loss: 0.00000000
    Epoch:   270      LossNode: 61.43219376      Rec_Loss: 66.38729095      KL_Loss: 0.00000000
    Epoch:   271      LossNode: 61.42934036      Rec_Loss: 65.36211395      KL_Loss: 0.00000000
    Epoch:   272      LossNode: 61.64482498      Rec_Loss: 65.72270966      KL_Loss: 0.00000000
    Epoch:   273      LossNode: 61.40915680      Rec_Loss: 65.97006226      KL_Loss: 0.00000000
    Epoch:   274      LossNode: 61.31220245      Rec_Loss: 66.12078094      KL_Loss: 0.00000000
    Epoch:   275      LossNode: 61.45906830      Rec_Loss: 65.75363159      KL_Loss: 0.00000000
    Epoch:   276      LossNode: 61.46361160      Rec_Loss: 66.48476410      KL_Loss: 0.00000000
    Epoch:   277      LossNode: 61.36907959      Rec_Loss: 67.24893951      KL_Loss: 0.00000000
    Epoch:   278      LossNode: 61.35860443      Rec_Loss: 65.66983032      KL_Loss: 0.00000000
    Epoch:   279      LossNode: 61.69100189      Rec_Loss: 65.96804047      KL_Loss: 0.00000000
    Epoch:   280      LossNode: 61.55081940      Rec_Loss: 65.92467499      KL_Loss: 0.00000000
    Epoch:   281      LossNode: 61.80087662      Rec_Loss: 67.37899017      KL_Loss: 0.00000000
    Epoch:   282      LossNode: 61.39504242      Rec_Loss: 65.00814819      KL_Loss: 0.00000000
    Epoch:   283      LossNode: 61.75663757      Rec_Loss: 65.60713959      KL_Loss: 0.00000000
    Epoch:   284      LossNode: 61.30850983      Rec_Loss: 64.51107025      KL_Loss: 0.00000000
    Epoch:   285      LossNode: 61.25082016      Rec_Loss: 65.62827301      KL_Loss: 0.00000000
    Epoch:   286      LossNode: 61.53741837      Rec_Loss: 64.61670685      KL_Loss: 0.00000000
    Epoch:   287      LossNode: 61.49234390      Rec_Loss: 66.07091522      KL_Loss: 0.00000000
    Epoch:   288      LossNode: 61.57844543      Rec_Loss: 66.12316132      KL_Loss: 0.00000000
    Epoch:   289      LossNode: 61.59983063      Rec_Loss: 66.60195160      KL_Loss: 0.00000000
    Epoch:   290      LossNode: 61.36288071      Rec_Loss: 64.51359558      KL_Loss: 0.00000000
    Epoch:   291      LossNode: 61.35707474      Rec_Loss: 65.82507324      KL_Loss: 0.00000000
    Epoch:   292      LossNode: 61.53168869      Rec_Loss: 65.86235809      KL_Loss: 0.00000000
    Epoch:   293      LossNode: 61.33342743      Rec_Loss: 65.29492950      KL_Loss: 0.00000000
    Epoch:   294      LossNode: 61.49595261      Rec_Loss: 65.65153503      KL_Loss: 0.00000000
    Epoch:   295      LossNode: 61.43965530      Rec_Loss: 64.67340088      KL_Loss: 0.00000000
    Epoch:   296      LossNode: 61.36470795      Rec_Loss: 64.47107697      KL_Loss: 0.00000000
    Epoch:   297      LossNode: 61.61405182      Rec_Loss: 66.26378632      KL_Loss: 0.00000000
    Epoch:   298      LossNode: 61.44757843      Rec_Loss: 65.25103760      KL_Loss: 0.00000000
    Epoch:   299      LossNode: 61.53955460      Rec_Loss: 66.03237152      KL_Loss: 0.00000000
    Epoch:   300      LossNode: 61.68996048      Rec_Loss: 67.39743805      KL_Loss: 0.00000000
    Epoch:   301      LossNode: 61.51228333      Rec_Loss: 64.73310852      KL_Loss: 0.00000000
    Epoch:   302      LossNode: 61.57614517      Rec_Loss: 66.72592926      KL_Loss: 0.00000000
    Epoch:   303      LossNode: 61.58565903      Rec_Loss: 66.51773834      KL_Loss: 0.00000000
    Epoch:   304      LossNode: 61.57040787      Rec_Loss: 65.88361359      KL_Loss: 0.00000000
    Epoch:   305      LossNode: 61.42079926      Rec_Loss: 65.96784973      KL_Loss: 0.00000000
    Epoch:   306      LossNode: 61.45259094      Rec_Loss: 65.39071655      KL_Loss: 0.00000000
    Epoch:   307      LossNode: 61.57996750      Rec_Loss: 66.29160309      KL_Loss: 0.00000000
    Epoch:   308      LossNode: 61.44497299      Rec_Loss: 65.85899353      KL_Loss: 0.00000000
    Epoch:   309      LossNode: 61.40626907      Rec_Loss: 67.67619324      KL_Loss: 0.00000000
    Epoch:   310      LossNode: 61.36112213      Rec_Loss: 64.97671509      KL_Loss: 0.00000000
    Epoch:   311      LossNode: 61.52161789      Rec_Loss: 66.22087860      KL_Loss: 0.00000000
    Epoch:   312      LossNode: 61.45397186      Rec_Loss: 65.25991821      KL_Loss: 0.00000000
    Epoch:   313      LossNode: 61.41519165      Rec_Loss: 67.08787537      KL_Loss: 0.00000000
    Epoch:   314      LossNode: 61.52965927      Rec_Loss: 65.69120026      KL_Loss: 0.00000000
    Epoch:   315      LossNode: 61.43121719      Rec_Loss: 66.73780823      KL_Loss: 0.00000000
    Epoch:   316      LossNode: 61.22992325      Rec_Loss: 64.61421204      KL_Loss: 0.00000000
    Epoch:   317      LossNode: 61.44355011      Rec_Loss: 66.00337982      KL_Loss: 0.00000000
    Epoch:   318      LossNode: 61.41937256      Rec_Loss: 64.63668823      KL_Loss: 0.00000000
    Epoch:   319      LossNode: 61.53032303      Rec_Loss: 65.61791992      KL_Loss: 0.00000000
    Epoch:   320      LossNode: 61.41300964      Rec_Loss: 66.33259583      KL_Loss: 0.00000000
    Epoch:   321      LossNode: 61.37812042      Rec_Loss: 65.46557617      KL_Loss: 0.00000000
    Epoch:   322      LossNode: 61.64140320      Rec_Loss: 66.16043091      KL_Loss: 0.00000000
    Epoch:   323      LossNode: 61.22720718      Rec_Loss: 64.49184418      KL_Loss: 0.00000000
    Epoch:   324      LossNode: 61.55305862      Rec_Loss: 65.63440704      KL_Loss: 0.00000000
    Epoch:   325      LossNode: 61.48784256      Rec_Loss: 66.45061493      KL_Loss: 0.00000000
    Epoch:   326      LossNode: 61.38496017      Rec_Loss: 65.99787140      KL_Loss: 0.00000000
    Epoch:   327      LossNode: 61.32610703      Rec_Loss: 66.02953339      KL_Loss: 0.00000000
    Epoch:   328      LossNode: 61.37387466      Rec_Loss: 65.51057434      KL_Loss: 0.00000000
    Epoch:   329      LossNode: 61.35346222      Rec_Loss: 66.29016113      KL_Loss: 0.00000000
    Epoch:   330      LossNode: 61.40098190      Rec_Loss: 65.81090546      KL_Loss: 0.00000000
    Epoch:   331      LossNode: 61.41469193      Rec_Loss: 65.31300354      KL_Loss: 0.00000000
    Epoch:   332      LossNode: 61.43717957      Rec_Loss: 66.11351776      KL_Loss: 0.00000000
    Epoch:   333      LossNode: 61.60645676      Rec_Loss: 65.97393036      KL_Loss: 0.00000000
    Epoch:   334      LossNode: 61.42315674      Rec_Loss: 66.45621490      KL_Loss: 0.00000000
    Epoch:   335      LossNode: 61.44173813      Rec_Loss: 65.02071381      KL_Loss: 0.00000000
    Epoch:   336      LossNode: 61.40263367      Rec_Loss: 65.34963989      KL_Loss: 0.00000000
    Epoch:   337      LossNode: 61.53040314      Rec_Loss: 66.68490601      KL_Loss: 0.00000000
    Epoch:   338      LossNode: 61.46333694      Rec_Loss: 66.53331757      KL_Loss: 0.00000000
    Epoch:   339      LossNode: 61.49571228      Rec_Loss: 65.90251160      KL_Loss: 0.00000000
    Epoch:   340      LossNode: 61.59237671      Rec_Loss: 66.67030334      KL_Loss: 0.00000000
    Epoch:   341      LossNode: 61.42773438      Rec_Loss: 65.62190247      KL_Loss: 0.00000000
    Epoch:   342      LossNode: 61.59770584      Rec_Loss: 65.67047119      KL_Loss: 0.00000000
    Epoch:   343      LossNode: 61.36827850      Rec_Loss: 65.57215118      KL_Loss: 0.00000000
    Epoch:   344      LossNode: 61.48472214      Rec_Loss: 65.69197083      KL_Loss: 0.00000000
    Epoch:   345      LossNode: 61.41978073      Rec_Loss: 66.44171143      KL_Loss: 0.00000000
    Epoch:   346      LossNode: 61.36763382      Rec_Loss: 65.75367737      KL_Loss: 0.00000000
    Epoch:   347      LossNode: 61.53210449      Rec_Loss: 65.94431305      KL_Loss: 0.00000000
    Epoch:   348      LossNode: 61.20536041      Rec_Loss: 64.73623657      KL_Loss: 0.00000000
    Epoch:   349      LossNode: 61.33375549      Rec_Loss: 65.72916412      KL_Loss: 0.00000000
    Epoch:   350      LossNode: 61.42156982      Rec_Loss: 66.89317322      KL_Loss: 0.00000000
    Epoch:   351      LossNode: 61.64186478      Rec_Loss: 66.76111603      KL_Loss: 0.00000000
    Epoch:   352      LossNode: 61.28746796      Rec_Loss: 65.91598511      KL_Loss: 0.00000000
    Epoch:   353      LossNode: 61.30270004      Rec_Loss: 65.63867188      KL_Loss: 0.00000000
    Epoch:   354      LossNode: 61.30407333      Rec_Loss: 65.23072815      KL_Loss: 0.00000000
    Epoch:   355      LossNode: 61.47756195      Rec_Loss: 66.26365662      KL_Loss: 0.00000000
    Epoch:   356      LossNode: 61.52097702      Rec_Loss: 66.23674774      KL_Loss: 0.00000000
    Epoch:   357      LossNode: 61.43444061      Rec_Loss: 64.99856567      KL_Loss: 0.00000000
    Epoch:   358      LossNode: 61.29786682      Rec_Loss: 64.93468475      KL_Loss: 0.00000000
    Epoch:   359      LossNode: 61.17694855      Rec_Loss: 65.55456543      KL_Loss: 0.00000000
    Epoch:   360      LossNode: 61.48171997      Rec_Loss: 66.18401337      KL_Loss: 0.00000000
    Epoch:   361      LossNode: 61.33951187      Rec_Loss: 64.93340302      KL_Loss: 0.00000000
    Epoch:   362      LossNode: 61.50121307      Rec_Loss: 64.52020264      KL_Loss: 0.00000000
    Epoch:   363      LossNode: 61.54695892      Rec_Loss: 66.93072510      KL_Loss: 0.00000000
    Epoch:   364      LossNode: 61.48812485      Rec_Loss: 65.50559998      KL_Loss: 0.00000000
    Epoch:   365      LossNode: 61.42933273      Rec_Loss: 64.77413177      KL_Loss: 0.00000000
    Epoch:   366      LossNode: 61.44871902      Rec_Loss: 66.56002045      KL_Loss: 0.00000000
    Epoch:   367      LossNode: 61.25829697      Rec_Loss: 64.90816498      KL_Loss: 0.00000000
    Epoch:   368      LossNode: 61.63163757      Rec_Loss: 66.93880463      KL_Loss: 0.00000000
    Epoch:   369      LossNode: 61.45660782      Rec_Loss: 67.35559082      KL_Loss: 0.00000000
    Epoch:   370      LossNode: 61.23122025      Rec_Loss: 63.69087601      KL_Loss: 0.00000000
    Epoch:   371      LossNode: 61.53216934      Rec_Loss: 66.89567566      KL_Loss: 0.00000000
    Epoch:   372      LossNode: 61.47602081      Rec_Loss: 65.98888397      KL_Loss: 0.00000000
    Epoch:   373      LossNode: 61.22778702      Rec_Loss: 65.37812805      KL_Loss: 0.00000000
    Epoch:   374      LossNode: 61.53736115      Rec_Loss: 65.75023651      KL_Loss: 0.00000000
    Epoch:   375      LossNode: 61.33673477      Rec_Loss: 64.78651428      KL_Loss: 0.00000000
    Epoch:   376      LossNode: 61.51925659      Rec_Loss: 65.13504791      KL_Loss: 0.00000000
    Epoch:   377      LossNode: 61.17530823      Rec_Loss: 64.86927795      KL_Loss: 0.00000000
    Epoch:   378      LossNode: 61.61843872      Rec_Loss: 66.87396240      KL_Loss: 0.00000000
    Epoch:   379      LossNode: 61.27462769      Rec_Loss: 66.14720917      KL_Loss: 0.00000000
    Epoch:   380      LossNode: 61.32693100      Rec_Loss: 66.10797119      KL_Loss: 0.00000000
    Epoch:   381      LossNode: 61.31314087      Rec_Loss: 64.69252777      KL_Loss: 0.00000000
    Epoch:   382      LossNode: 61.45426178      Rec_Loss: 65.56863403      KL_Loss: 0.00000000
    Epoch:   383      LossNode: 61.59273148      Rec_Loss: 66.64485168      KL_Loss: 0.00000000
    Epoch:   384      LossNode: 61.41782379      Rec_Loss: 65.35990143      KL_Loss: 0.00000000
    Epoch:   385      LossNode: 61.33562469      Rec_Loss: 65.28083038      KL_Loss: 0.00000000
    Epoch:   386      LossNode: 61.38339615      Rec_Loss: 66.11961365      KL_Loss: 0.00000000
    Epoch:   387      LossNode: 61.37609482      Rec_Loss: 65.67151642      KL_Loss: 0.00000000
    Epoch:   388      LossNode: 61.40824127      Rec_Loss: 65.27527618      KL_Loss: 0.00000000
    Epoch:   389      LossNode: 61.32772446      Rec_Loss: 65.13734436      KL_Loss: 0.00000000
    Epoch:   390      LossNode: 61.41147232      Rec_Loss: 65.50446320      KL_Loss: 0.00000000
    Epoch:   391      LossNode: 61.43544006      Rec_Loss: 65.61891174      KL_Loss: 0.00000000
    Epoch:   392      LossNode: 61.56240845      Rec_Loss: 65.87928772      KL_Loss: 0.00000000
    Epoch:   393      LossNode: 61.43875122      Rec_Loss: 65.92353058      KL_Loss: 0.00000000
    Epoch:   394      LossNode: 61.49465561      Rec_Loss: 64.37677765      KL_Loss: 0.00000000
    Epoch:   395      LossNode: 61.23646164      Rec_Loss: 65.52091217      KL_Loss: 0.00000000
    Epoch:   396      LossNode: 61.61959076      Rec_Loss: 65.83016205      KL_Loss: 0.00000000
    Epoch:   397      LossNode: 61.51937866      Rec_Loss: 65.85531616      KL_Loss: 0.00000000
    Epoch:   398      LossNode: 61.24481964      Rec_Loss: 64.69747925      KL_Loss: 0.00000000
    Epoch:   399      LossNode: 61.36262512      Rec_Loss: 65.03298950      KL_Loss: 0.00000000
    Epoch:   400      LossNode: 61.42262268      Rec_Loss: 66.00118256      KL_Loss: 0.00000000
    Epoch:   401      LossNode: 61.63521576      Rec_Loss: 65.89980316      KL_Loss: 0.00000000
    Epoch:   402      LossNode: 61.36390305      Rec_Loss: 64.97883606      KL_Loss: 0.00000000
    Epoch:   403      LossNode: 61.63601685      Rec_Loss: 65.78894043      KL_Loss: 0.00000000
    Epoch:   404      LossNode: 61.49229050      Rec_Loss: 66.83959198      KL_Loss: 0.00000000
    Epoch:   405      LossNode: 61.45154572      Rec_Loss: 65.75376892      KL_Loss: 0.00000000
    Epoch:   406      LossNode: 61.21240616      Rec_Loss: 64.01545715      KL_Loss: 0.00000000
    Epoch:   407      LossNode: 61.40107727      Rec_Loss: 64.72772980      KL_Loss: 0.00000000
    Epoch:   408      LossNode: 61.70832825      Rec_Loss: 66.66123199      KL_Loss: 0.00000000
    Epoch:   409      LossNode: 61.48899078      Rec_Loss: 66.63099670      KL_Loss: 0.00000000
    Epoch:   410      LossNode: 61.13418579      Rec_Loss: 65.07386017      KL_Loss: 0.00000000
    Epoch:   411      LossNode: 61.38143158      Rec_Loss: 64.89691162      KL_Loss: 0.00000000
    Epoch:   412      LossNode: 61.56581497      Rec_Loss: 65.72742462      KL_Loss: 0.00000000
    Epoch:   413      LossNode: 61.26222229      Rec_Loss: 65.21253967      KL_Loss: 0.00000000
    Epoch:   414      LossNode: 61.32544708      Rec_Loss: 66.17126465      KL_Loss: 0.00000000
    Epoch:   415      LossNode: 61.38121033      Rec_Loss: 65.59809113      KL_Loss: 0.00000000
    Epoch:   416      LossNode: 61.56390381      Rec_Loss: 66.73275757      KL_Loss: 0.00000000
    Epoch:   417      LossNode: 61.24014664      Rec_Loss: 67.10179901      KL_Loss: 0.00000000
    Epoch:   418      LossNode: 61.29848862      Rec_Loss: 66.45351410      KL_Loss: 0.00000000
    Epoch:   419      LossNode: 61.24819565      Rec_Loss: 64.68964386      KL_Loss: 0.00000000
    Epoch:   420      LossNode: 61.40415192      Rec_Loss: 66.12831879      KL_Loss: 0.00000000
    Epoch:   421      LossNode: 61.28743744      Rec_Loss: 65.57836914      KL_Loss: 0.00000000
    Epoch:   422      LossNode: 61.30821609      Rec_Loss: 65.70776367      KL_Loss: 0.00000000
    Epoch:   423      LossNode: 61.20346069      Rec_Loss: 65.66736603      KL_Loss: 0.00000000
    Epoch:   424      LossNode: 61.58024597      Rec_Loss: 66.14004517      KL_Loss: 0.00000000
    Epoch:   425      LossNode: 61.47449493      Rec_Loss: 66.93913269      KL_Loss: 0.00000000
    Epoch:   426      LossNode: 61.46161652      Rec_Loss: 64.99893188      KL_Loss: 0.00000000
    Epoch:   427      LossNode: 61.43963623      Rec_Loss: 65.51818085      KL_Loss: 0.00000000
    Epoch:   428      LossNode: 61.44364166      Rec_Loss: 65.25582886      KL_Loss: 0.00000000
    Epoch:   429      LossNode: 61.39184189      Rec_Loss: 65.16340637      KL_Loss: 0.00000000
    Epoch:   430      LossNode: 61.40278244      Rec_Loss: 66.30792999      KL_Loss: 0.00000000
    Epoch:   431      LossNode: 61.30317307      Rec_Loss: 66.26188660      KL_Loss: 0.00000000
    Epoch:   432      LossNode: 61.28975677      Rec_Loss: 66.71889496      KL_Loss: 0.00000000
    Epoch:   433      LossNode: 61.21776962      Rec_Loss: 66.25859070      KL_Loss: 0.00000000
    Epoch:   434      LossNode: 61.55257034      Rec_Loss: 65.89891052      KL_Loss: 0.00000000
    Epoch:   435      LossNode: 61.23656464      Rec_Loss: 64.77018738      KL_Loss: 0.00000000
    Epoch:   436      LossNode: 61.35869598      Rec_Loss: 66.30607605      KL_Loss: 0.00000000
    Epoch:   437      LossNode: 61.44397736      Rec_Loss: 66.29010773      KL_Loss: 0.00000000
    Epoch:   438      LossNode: 61.54028320      Rec_Loss: 66.50366211      KL_Loss: 0.00000000
    Epoch:   439      LossNode: 61.49591827      Rec_Loss: 66.57096100      KL_Loss: 0.00000000
    Epoch:   440      LossNode: 61.52338791      Rec_Loss: 66.14406586      KL_Loss: 0.00000000
    Epoch:   441      LossNode: 61.47408676      Rec_Loss: 65.48874664      KL_Loss: 0.00000000
    Epoch:   442      LossNode: 61.42098236      Rec_Loss: 65.76571655      KL_Loss: 0.00000000
    Epoch:   443      LossNode: 61.27635193      Rec_Loss: 66.06314850      KL_Loss: 0.00000000
    Epoch:   444      LossNode: 61.32144547      Rec_Loss: 65.64532471      KL_Loss: 0.00000000
    Epoch:   445      LossNode: 61.19087982      Rec_Loss: 64.74634552      KL_Loss: 0.00000000
    Epoch:   446      LossNode: 61.36518860      Rec_Loss: 65.69647980      KL_Loss: 0.00000000
    Epoch:   447      LossNode: 61.70569992      Rec_Loss: 67.00096893      KL_Loss: 0.00000000
    Epoch:   448      LossNode: 61.70970154      Rec_Loss: 66.37918091      KL_Loss: 0.00000000
    Epoch:   449      LossNode: 61.47361374      Rec_Loss: 65.63337708      KL_Loss: 0.00000000
    Epoch:   450      LossNode: 61.33134842      Rec_Loss: 65.45798492      KL_Loss: 0.00000000
    Epoch:   451      LossNode: 61.14153671      Rec_Loss: 65.60731506      KL_Loss: 0.00000000
    Epoch:   452      LossNode: 61.51442337      Rec_Loss: 66.38297272      KL_Loss: 0.00000000
    Epoch:   453      LossNode: 61.56085205      Rec_Loss: 66.79707336      KL_Loss: 0.00000000
    Epoch:   454      LossNode: 61.29883957      Rec_Loss: 65.30413055      KL_Loss: 0.00000000
    Epoch:   455      LossNode: 61.31866074      Rec_Loss: 66.46311188      KL_Loss: 0.00000000
    Epoch:   456      LossNode: 61.44930267      Rec_Loss: 65.42774200      KL_Loss: 0.00000000
    Epoch:   457      LossNode: 61.48697281      Rec_Loss: 66.29185486      KL_Loss: 0.00000000
    Epoch:   458      LossNode: 61.37320709      Rec_Loss: 65.86638641      KL_Loss: 0.00000000
    Epoch:   459      LossNode: 61.44068146      Rec_Loss: 65.21605682      KL_Loss: 0.00000000
    Epoch:   460      LossNode: 61.49644089      Rec_Loss: 66.10237122      KL_Loss: 0.00000000
    Epoch:   461      LossNode: 61.51039886      Rec_Loss: 66.93102264      KL_Loss: 0.00000000
    Epoch:   462      LossNode: 61.37292099      Rec_Loss: 65.13336182      KL_Loss: 0.00000000
    Epoch:   463      LossNode: 61.34978104      Rec_Loss: 64.94233704      KL_Loss: 0.00000000
    Epoch:   464      LossNode: 61.33368683      Rec_Loss: 65.27057648      KL_Loss: 0.00000000
    Epoch:   465      LossNode: 61.55871201      Rec_Loss: 65.25090027      KL_Loss: 0.00000000
    Epoch:   466      LossNode: 61.41368484      Rec_Loss: 65.80001068      KL_Loss: 0.00000000
    Epoch:   467      LossNode: 61.61070251      Rec_Loss: 67.36971283      KL_Loss: 0.00000000
    Epoch:   468      LossNode: 61.32376862      Rec_Loss: 65.54012299      KL_Loss: 0.00000000
    Epoch:   469      LossNode: 61.36183929      Rec_Loss: 64.54666138      KL_Loss: 0.00000000
    Epoch:   470      LossNode: 61.28001404      Rec_Loss: 64.21278381      KL_Loss: 0.00000000
    Epoch:   471      LossNode: 61.32892609      Rec_Loss: 66.82720947      KL_Loss: 0.00000000
    Epoch:   472      LossNode: 61.47602463      Rec_Loss: 66.22408295      KL_Loss: 0.00000000
    Epoch:   473      LossNode: 61.45997620      Rec_Loss: 66.65249634      KL_Loss: 0.00000000
    Epoch:   474      LossNode: 61.50086594      Rec_Loss: 65.57215118      KL_Loss: 0.00000000
    Epoch:   475      LossNode: 61.50124741      Rec_Loss: 66.06499481      KL_Loss: 0.00000000
    Epoch:   476      LossNode: 61.34688568      Rec_Loss: 65.38778687      KL_Loss: 0.00000000
    Epoch:   477      LossNode: 61.08310318      Rec_Loss: 63.77128983      KL_Loss: 0.00000000
    Epoch:   478      LossNode: 61.43315125      Rec_Loss: 65.87121582      KL_Loss: 0.00000000
    Epoch:   479      LossNode: 61.23741150      Rec_Loss: 67.05825806      KL_Loss: 0.00000000
    Epoch:   480      LossNode: 61.53244781      Rec_Loss: 65.35134888      KL_Loss: 0.00000000
    Epoch:   481      LossNode: 61.20814514      Rec_Loss: 65.45132446      KL_Loss: 0.00000000
    Epoch:   482      LossNode: 61.47052383      Rec_Loss: 65.76094055      KL_Loss: 0.00000000
    Epoch:   483      LossNode: 61.46654510      Rec_Loss: 64.10275269      KL_Loss: 0.00000000
    Epoch:   484      LossNode: 61.45720673      Rec_Loss: 66.24378967      KL_Loss: 0.00000000
    Epoch:   485      LossNode: 61.38253784      Rec_Loss: 65.56868744      KL_Loss: 0.00000000
    Epoch:   486      LossNode: 61.57675934      Rec_Loss: 66.59796143      KL_Loss: 0.00000000
    Epoch:   487      LossNode: 61.40591049      Rec_Loss: 65.73173523      KL_Loss: 0.00000000
    Epoch:   488      LossNode: 61.37910080      Rec_Loss: 65.57722473      KL_Loss: 0.00000000
    Epoch:   489      LossNode: 61.41592407      Rec_Loss: 65.33748627      KL_Loss: 0.00000000
    Epoch:   490      LossNode: 61.51782227      Rec_Loss: 66.37122345      KL_Loss: 0.00000000
    Epoch:   491      LossNode: 61.36065292      Rec_Loss: 65.66090393      KL_Loss: 0.00000000
    Epoch:   492      LossNode: 61.34037781      Rec_Loss: 66.09606934      KL_Loss: 0.00000000
    Epoch:   493      LossNode: 61.36863327      Rec_Loss: 65.89643097      KL_Loss: 0.00000000
    Epoch:   494      LossNode: 61.53234863      Rec_Loss: 66.28699493      KL_Loss: 0.00000000
    Epoch:   495      LossNode: 61.28122330      Rec_Loss: 64.69572449      KL_Loss: 0.00000000
    Epoch:   496      LossNode: 61.50577164      Rec_Loss: 66.11097717      KL_Loss: 0.00000000
    Epoch:   497      LossNode: 61.70648575      Rec_Loss: 67.53096008      KL_Loss: 0.00000000
    Epoch:   498      LossNode: 61.60943222      Rec_Loss: 65.93403625      KL_Loss: 0.00000000
    Epoch:   499      LossNode: 61.51269150      Rec_Loss: 65.18526459      KL_Loss: 0.00000000

Total GD training time: 6 hours 36 mins 35 secs
Training Complete, saving model to folder: ./runs/241114-230637/
Test MSE: 27.39631844
