Available devices: [CudaDevice(id=0)]
Created a new run folder at: ./runs/241128-154140/
Completed copied scripts 
HDF5 Dataset Keys: <KeysViewHDF5 ['train_encod_data', 'train_recon_data', 'valid_encod_data', 'valid_recon_data']>
train data shape: (1, 6925, 500, 2)
test data shape: (1, 6925, 500, 2)
Number of learnable parameters in the encoder: 7.5 k
Number of learnable parameters in the genetor: 33.3 k
Number of learnable parameters in the reconstructing decoder: 5.3 k


=== Beginning Training ... ===

Compiling function "train_step" ...

Compiling function "train_step" ...
    Epoch:     0      LossNode: 123.647232055664      Rec_Loss: 1.074138998985      KL_Loss: 121.832870483398
    Epoch:     1      LossNode: 120.874153137207      Rec_Loss: 1.019348144531      KL_Loss: 119.206771850586
    Epoch:     2      LossNode: 118.433776855469      Rec_Loss: 0.983501315117      KL_Loss: 116.876586914062
    Epoch:     3      LossNode: 116.249984741211      Rec_Loss: 0.960609316826      KL_Loss: 114.769653320312
    Epoch:     5      LossNode: 112.327186584473      Rec_Loss: 0.917713344097      KL_Loss: 110.938995361328
    Epoch:    10      LossNode: 102.451118469238      Rec_Loss: 0.735949158669      KL_Loss: 101.162673950195
    Epoch:    15      LossNode: 88.178756713867      Rec_Loss: 0.711393415928      KL_Loss: 86.507415771484
    Epoch:    20      LossNode: 60.749382019043      Rec_Loss: 0.675867319107      KL_Loss: 58.135147094727
    Epoch:    25      LossNode: 31.823333740234      Rec_Loss: 0.608784139156      KL_Loss: 27.526006698608
    Epoch:    30      LossNode: 12.392652511597      Rec_Loss: 0.540971636772      KL_Loss: 10.822260856628
    Epoch:    35      LossNode: 5.196170330048      Rec_Loss: 0.515065968037      KL_Loss: 4.243607521057
    Epoch:    40      LossNode: 2.404813289642      Rec_Loss: 0.494778156281      KL_Loss: 1.727937459946
    Epoch:    45      LossNode: 1.474111795425      Rec_Loss: 0.474046379328      KL_Loss: 0.887647092342
    Epoch:    49      LossNode: 1.121238112450      Rec_Loss: 0.458627134562      KL_Loss: 0.590684533119

Total GD training time: 1 hours 6 mins 0 secs
Training Complete, saving model to folder: ./runs/241128-154140/
Test MSE: 0.45767930
1
4
5
3
2
