
############# Lotka-Volterra with Neural ODE #############

  - Time Horizon T:  2.0
  - Savepath:  results_sgd_2/00000.npz


=== Beginning Training ... ===
    Epoch:     0      Loss: 1.03889632
    Epoch:   100      Loss: 0.00797946
    Epoch:   200      Loss: 0.00195251
    Epoch:   300      Loss: 0.00046445
    Epoch:   400      Loss: 0.00010968
    Epoch:   499      Loss: 0.00002575

Total GD training time: 26 secs


############# Lotka-Volterra with Neural ODE #############

  - Time Horizon T:  2.14
  - Savepath:  results_sgd_2/00001.npz


=== Beginning Training ... ===
    Epoch:     0      Loss: 1.13074243
    Epoch:   100      Loss: 0.00735490
    Epoch:   200      Loss: 0.00130736
    Epoch:   300      Loss: 0.00022501
    Epoch:   400      Loss: 0.00003811
    Epoch:   499      Loss: 0.00000655

Total GD training time: 14 secs


############# Lotka-Volterra with Neural ODE #############

  - Time Horizon T:  2.2800000000000002
  - Savepath:  results_sgd_2/00002.npz


=== Beginning Training ... ===
    Epoch:     0      Loss: 1.21865332
    Epoch:   100      Loss: 0.00649395
    Epoch:   200      Loss: 0.00081836
    Epoch:   300      Loss: 0.00009905
    Epoch:   400      Loss: 0.00001199
    Epoch:   499      Loss: 0.00000150

Total GD training time: 14 secs


############# Lotka-Volterra with Neural ODE #############

  - Time Horizon T:  2.42
  - Savepath:  results_sgd_2/00003.npz


=== Beginning Training ... ===
    Epoch:     0      Loss: 1.30200827
    Epoch:   100      Loss: 0.00553835
    Epoch:   200      Loss: 0.00048546
    Epoch:   300      Loss: 0.00004117
    Epoch:   400      Loss: 0.00000362
    Epoch:   499      Loss: 0.00000030

Total GD training time: 26 secs


############# Lotka-Volterra with Neural ODE #############

  - Time Horizon T:  2.56
  - Savepath:  results_sgd_2/00004.npz


=== Beginning Training ... ===
    Epoch:     0      Loss: 1.38031077
    Epoch:   100      Loss: 0.00460844
    Epoch:   200      Loss: 0.00028128
    Epoch:   300      Loss: 0.00001693
    Epoch:   400      Loss: 0.00000102
    Epoch:   499      Loss: 0.00000008

Total GD training time: 33 secs


############# Lotka-Volterra with Neural ODE #############

  - Time Horizon T:  2.7
  - Savepath:  results_sgd_2/00005.npz


=== Beginning Training ... ===
    Epoch:     0      Loss: 1.45317936
    Epoch:   100      Loss: 0.00378203
    Epoch:   200      Loss: 0.00016182
    Epoch:   300      Loss: 0.00000683
    Epoch:   400      Loss: 0.00000029
    Epoch:   499      Loss: 0.00000002

Total GD training time: 27 secs


############# Lotka-Volterra with Neural ODE #############

  - Time Horizon T:  2.84
  - Savepath:  results_sgd_2/00006.npz


=== Beginning Training ... ===
    Epoch:     0      Loss: 1.52033830
    Epoch:   100      Loss: 0.00309535
    Epoch:   200      Loss: 0.00009581
    Epoch:   300      Loss: 0.00000300
    Epoch:   400      Loss: 0.00000012
    Epoch:   499      Loss: 0.00000002

Total GD training time: 14 secs


############# Lotka-Volterra with Neural ODE #############

  - Time Horizon T:  2.98
  - Savepath:  results_sgd_2/00007.npz


=== Beginning Training ... ===
    Epoch:     0      Loss: 1.58140409
    Epoch:   100      Loss: 0.00255854
    Epoch:   200      Loss: 0.00005896
    Epoch:   300      Loss: 0.00000139
    Epoch:   400      Loss: 0.00000005
    Epoch:   499      Loss: 0.00000001

Total GD training time: 15 secs


############# Lotka-Volterra with Neural ODE #############

  - Time Horizon T:  3.12
  - Savepath:  results_sgd_2/00008.npz


=== Beginning Training ... ===
    Epoch:     0      Loss: 1.63638544
    Epoch:   100      Loss: 0.00215030
    Epoch:   200      Loss: 0.00003882
    Epoch:   300      Loss: 0.00000073
    Epoch:   400      Loss: 0.00000003
    Epoch:   499      Loss: 0.00000002

Total GD training time: 28 secs


############# Lotka-Volterra with Neural ODE #############

  - Time Horizon T:  3.2600000000000002
  - Savepath:  results_sgd_2/00009.npz


=== Beginning Training ... ===
    Epoch:     0      Loss: 1.68514347
    Epoch:   100      Loss: 0.00185378
    Epoch:   200      Loss: 0.00002765
    Epoch:   300      Loss: 0.00000045
    Epoch:   400      Loss: 0.00000004
    Epoch:   499      Loss: 0.00000003

Total GD training time: 35 secs


############# Lotka-Volterra with Neural ODE #############

  - Time Horizon T:  3.4000000000000004
  - Savepath:  results_sgd_2/00010.npz


=== Beginning Training ... ===
    Epoch:     0      Loss: 1.72763050
    Epoch:   100      Loss: 0.00164899
    Epoch:   200      Loss: 0.00002148
    Epoch:   300      Loss: 0.00000033
    Epoch:   400      Loss: 0.00000004
    Epoch:   499      Loss: 0.00000004

Total GD training time: 28 secs


############# Lotka-Volterra with Neural ODE #############

  - Time Horizon T:  3.54
  - Savepath:  results_sgd_2/00011.npz


=== Beginning Training ... ===
    Epoch:     0      Loss: 1.76384485
    Epoch:   100      Loss: 0.00151773
    Epoch:   200      Loss: 0.00001823
    Epoch:   300      Loss: 0.00000027
    Epoch:   400      Loss: 0.00000005
    Epoch:   499      Loss: 0.00000004

Total GD training time: 16 secs


############# Lotka-Volterra with Neural ODE #############

  - Time Horizon T:  3.68
  - Savepath:  results_sgd_2/00012.npz


=== Beginning Training ... ===
    Epoch:     0      Loss: 1.79382372
    Epoch:   100      Loss: 0.00144871
    Epoch:   200      Loss: 0.00001688
    Epoch:   300      Loss: 0.00000026
    Epoch:   400      Loss: 0.00000005
    Epoch:   499      Loss: 0.00000004

Total GD training time: 14 secs


############# Lotka-Volterra with Neural ODE #############

  - Time Horizon T:  3.8200000000000003
  - Savepath:  results_sgd_2/00013.npz


=== Beginning Training ... ===
    Epoch:     0      Loss: 1.81761742
    Epoch:   100      Loss: 0.00143490
    Epoch:   200      Loss: 0.00001691
    Epoch:   300      Loss: 0.00000027
    Epoch:   400      Loss: 0.00000004
    Epoch:   499      Loss: 0.00000004

Total GD training time: 26 secs


############# Lotka-Volterra with Neural ODE #############

  - Time Horizon T:  3.96
  - Savepath:  results_sgd_2/00014.npz


=== Beginning Training ... ===
    Epoch:     0      Loss: 1.83536792
    Epoch:   100      Loss: 0.00147246
    Epoch:   200      Loss: 0.00001800
    Epoch:   300      Loss: 0.00000029
    Epoch:   400      Loss: 0.00000004
    Epoch:   499      Loss: 0.00000005

Total GD training time: 35 secs


############# Lotka-Volterra with Neural ODE #############

  - Time Horizon T:  4.1
  - Savepath:  results_sgd_2/00015.npz


=== Beginning Training ... ===
    Epoch:     0      Loss: 1.84723723
    Epoch:   100      Loss: 0.00156476
    Epoch:   200      Loss: 0.00002029
    Epoch:   300      Loss: 0.00000035
    Epoch:   400      Loss: 0.00000004
    Epoch:   499      Loss: 0.00000004

Total GD training time: 33 secs


############# Lotka-Volterra with Neural ODE #############

  - Time Horizon T:  4.24
  - Savepath:  results_sgd_2/00016.npz


=== Beginning Training ... ===
    Epoch:     0      Loss: 1.85343337
    Epoch:   100      Loss: 0.00171999
    Epoch:   200      Loss: 0.00002395
    Epoch:   300      Loss: 0.00000045
    Epoch:   400      Loss: 0.00000005
    Epoch:   499      Loss: 0.00000004

Total GD training time: 21 secs


############# Lotka-Volterra with Neural ODE #############

  - Time Horizon T:  4.380000000000001
  - Savepath:  results_sgd_2/00017.npz


=== Beginning Training ... ===
    Epoch:     0      Loss: 1.85421121
    Epoch:   100      Loss: 0.00196097
    Epoch:   200      Loss: 0.00002926
    Epoch:   300      Loss: 0.00000059
    Epoch:   400      Loss: 0.00000006
    Epoch:   499      Loss: 0.00000006

Total GD training time: 15 secs


############# Lotka-Volterra with Neural ODE #############

  - Time Horizon T:  4.5200000000000005
  - Savepath:  results_sgd_2/00018.npz


=== Beginning Training ... ===
    Epoch:     0      Loss: 1.84987557
    Epoch:   100      Loss: 0.00231504
    Epoch:   200      Loss: 0.00003706
    Epoch:   300      Loss: 0.00000080
    Epoch:   400      Loss: 0.00000007
    Epoch:   499      Loss: 0.00000006

Total GD training time: 22 secs


############# Lotka-Volterra with Neural ODE #############

  - Time Horizon T:  4.66
  - Savepath:  results_sgd_2/00019.npz


=== Beginning Training ... ===
    Epoch:     0      Loss: 1.84077704
    Epoch:   100      Loss: 0.00283657
    Epoch:   200      Loss: 0.00004842
    Epoch:   300      Loss: 0.00000114
    Epoch:   400      Loss: 0.00000008
    Epoch:   499      Loss: 0.00000006

Total GD training time: 33 secs


############# Lotka-Volterra with Neural ODE #############

  - Time Horizon T:  4.800000000000001
  - Savepath:  results_sgd_2/00020.npz


=== Beginning Training ... ===
    Epoch:     0      Loss: 1.82731521
    Epoch:   100      Loss: 0.00360272
    Epoch:   200      Loss: 0.00006500
    Epoch:   300      Loss: 0.00000159
    Epoch:   400      Loss: 0.00000010
    Epoch:   499      Loss: 0.00000006

Total GD training time: 37 secs


############# Lotka-Volterra with Neural ODE #############

  - Time Horizon T:  4.94
  - Savepath:  results_sgd_2/00021.npz


=== Beginning Training ... ===
    Epoch:     0      Loss: 1.80994093
    Epoch:   100      Loss: 0.00474648
    Epoch:   200      Loss: 0.00009020
    Epoch:   300      Loss: 0.00000234
    Epoch:   400      Loss: 0.00000012
    Epoch:   499      Loss: 0.00000006

Total GD training time: 28 secs


############# Lotka-Volterra with Neural ODE #############

  - Time Horizon T:  5.08
  - Savepath:  results_sgd_2/00022.npz


=== Beginning Training ... ===
    Epoch:     0      Loss: 1.78913665
    Epoch:   100      Loss: 0.00649121
    Epoch:   200      Loss: 0.00013016
    Epoch:   300      Loss: 0.00000347
    Epoch:   400      Loss: 0.00000015
    Epoch:   499      Loss: 0.00000007

Total GD training time: 16 secs


############# Lotka-Volterra with Neural ODE #############

  - Time Horizon T:  5.220000000000001
  - Savepath:  results_sgd_2/00023.npz


=== Beginning Training ... ===
    Epoch:     0      Loss: 1.76541555
    Epoch:   100      Loss: 0.00922883
    Epoch:   200      Loss: 0.00019375
    Epoch:   300      Loss: 0.00000530
    Epoch:   400      Loss: 0.00000022
    Epoch:   499      Loss: 0.00000006

Total GD training time: 18 secs


############# Lotka-Volterra with Neural ODE #############

  - Time Horizon T:  5.36
  - Savepath:  results_sgd_2/00024.npz


=== Beginning Training ... ===
    Epoch:     0      Loss: 1.73931277
    Epoch:   100      Loss: 0.01374603
    Epoch:   200      Loss: 0.00030530
    Epoch:   300      Loss: 0.00000854
    Epoch:   400      Loss: 0.00000031
    Epoch:   499      Loss: 0.00000006

Total GD training time: 30 secs


############# Lotka-Volterra with Neural ODE #############

  - Time Horizon T:  5.5
  - Savepath:  results_sgd_2/00025.npz


=== Beginning Training ... ===
    Epoch:     0      Loss: 1.71137559
    Epoch:   100      Loss: 0.07441154
    Epoch:   200      Loss: 0.00052173
    Epoch:   300      Loss: 0.00001475
    Epoch:   400      Loss: 0.00000051
    Epoch:   499      Loss: 0.00000007

Total GD training time: 39 secs


############# Lotka-Volterra with Neural ODE #############

  - Time Horizon T:  5.640000000000001
  - Savepath:  results_sgd_2/00026.npz


=== Beginning Training ... ===
    Epoch:     0      Loss: 1.68217218
    Epoch:   100      Loss: 0.27691832
    Epoch:   200      Loss: 0.00105174
    Epoch:   300      Loss: 0.00002961
    Epoch:   400      Loss: 0.00000097
    Epoch:   499      Loss: 0.00000009

Total GD training time: 36 secs


############# Lotka-Volterra with Neural ODE #############

  - Time Horizon T:  5.78
  - Savepath:  results_sgd_2/00027.npz


=== Beginning Training ... ===
    Epoch:     0      Loss: 1.65223765
    Epoch:   100      Loss: 0.42451721
    Epoch:   200      Loss: 0.00409959
    Epoch:   300      Loss: 0.00011145
    Epoch:   400      Loss: 0.00000354
    Epoch:   499      Loss: 0.00000016

Total GD training time: 27 secs


############# Lotka-Volterra with Neural ODE #############

  - Time Horizon T:  5.92
  - Savepath:  results_sgd_2/00028.npz


=== Beginning Training ... ===
    Epoch:     0      Loss: 1.62209642
    Epoch:   100      Loss: 0.47595471
    Epoch:   200      Loss: 0.21760374
    Epoch:   300      Loss: 0.00140786
    Epoch:   400      Loss: 0.00003810
    Epoch:   499      Loss: 0.00000118

Total GD training time: 18 secs


############# Lotka-Volterra with Neural ODE #############

  - Time Horizon T:  6.0600000000000005
  - Savepath:  results_sgd_2/00029.npz


=== Beginning Training ... ===
    Epoch:     0      Loss: 1.59224343
    Epoch:   100      Loss: 0.41858312
    Epoch:   200      Loss: 0.00892418
    Epoch:   300      Loss: 0.00024346
    Epoch:   400      Loss: 0.00000701
    Epoch:   499      Loss: 0.00000028

Total GD training time: 18 secs


############# Lotka-Volterra with Neural ODE #############

  - Time Horizon T:  6.2
  - Savepath:  results_sgd_2/00030.npz


=== Beginning Training ... ===
    Epoch:     0      Loss: 1.56313467
    Epoch:   100      Loss: 0.42669827
    Epoch:   200      Loss: 0.00949784
    Epoch:   300      Loss: 0.00026353
    Epoch:   400      Loss: 0.00000769
    Epoch:   499      Loss: 0.00000030

Total GD training time: 27 secs


############# Lotka-Volterra with Neural ODE #############

  - Time Horizon T:  6.340000000000001
  - Savepath:  results_sgd_2/00031.npz


=== Beginning Training ... ===
    Epoch:     0      Loss: 1.53517830
    Epoch:   100      Loss: 0.45991454
    Epoch:   200      Loss: 0.01790862
    Epoch:   300      Loss: 0.00052160
    Epoch:   400      Loss: 0.00001517
    Epoch:   499      Loss: 0.00000054

Total GD training time: 37 secs


############# Lotka-Volterra with Neural ODE #############

  - Time Horizon T:  6.48
  - Savepath:  results_sgd_2/00032.npz


=== Beginning Training ... ===
    Epoch:     0      Loss: 1.50873041
    Epoch:   100      Loss: 0.45492038
    Epoch:   200      Loss: 0.33672166
    Epoch:   300      Loss: 0.00289989
    Epoch:   400      Loss: 0.00008157
    Epoch:   499      Loss: 0.00000258

Total GD training time: 41 secs


############# Lotka-Volterra with Neural ODE #############

  - Time Horizon T:  6.62
  - Savepath:  results_sgd_2/00033.npz


=== Beginning Training ... ===
    Epoch:     0      Loss: 1.48410654
    Epoch:   100      Loss: 0.46607864
    Epoch:   200      Loss: 0.24179663
    Epoch:   300      Loss: 0.00129772
    Epoch:   400      Loss: 0.00003715
    Epoch:   499      Loss: 0.00000123

Total GD training time: 34 secs


############# Lotka-Volterra with Neural ODE #############

  - Time Horizon T:  6.760000000000001
  - Savepath:  results_sgd_2/00034.npz


=== Beginning Training ... ===
    Epoch:     0      Loss: 1.46153390
    Epoch:   100      Loss: 0.39939487
    Epoch:   200      Loss: 0.00573064
    Epoch:   300      Loss: 0.00016108
    Epoch:   400      Loss: 0.00000494
    Epoch:   499      Loss: 0.00000021

Total GD training time: 24 secs


############# Lotka-Volterra with Neural ODE #############

  - Time Horizon T:  6.9
  - Savepath:  results_sgd_2/00035.npz


=== Beginning Training ... ===
    Epoch:     0      Loss: 1.44119108
    Epoch:   100      Loss: 0.36655724
    Epoch:   200      Loss: 0.00345437
    Epoch:   300      Loss: 0.00009886
    Epoch:   400      Loss: 0.00000314
    Epoch:   499      Loss: 0.00000015

Total GD training time: 18 secs


############# Lotka-Volterra with Neural ODE #############

  - Time Horizon T:  7.040000000000001
  - Savepath:  results_sgd_2/00036.npz


=== Beginning Training ... ===
    Epoch:     0      Loss: 1.42319620
    Epoch:   100      Loss: 0.34469861
    Epoch:   200      Loss: 0.00260797
    Epoch:   300      Loss: 0.00007682
    Epoch:   400      Loss: 0.00000253
    Epoch:   499      Loss: 0.00000014

Total GD training time: 23 secs


############# Lotka-Volterra with Neural ODE #############

  - Time Horizon T:  7.180000000000001
  - Savepath:  results_sgd_2/00037.npz


=== Beginning Training ... ===
    Epoch:     0      Loss: 1.40761054
    Epoch:   100      Loss: 0.32879645
    Epoch:   200      Loss: 0.00218836
    Epoch:   300      Loss: 0.00006680
    Epoch:   400      Loss: 0.00000230
    Epoch:   499      Loss: 0.00000019

Total GD training time: 34 secs


############# Lotka-Volterra with Neural ODE #############

  - Time Horizon T:  7.32
  - Savepath:  results_sgd_2/00038.npz


=== Beginning Training ... ===
    Epoch:     0      Loss: 1.39444268
    Epoch:   100      Loss: 0.31692505
    Epoch:   200      Loss: 0.00196016
    Epoch:   300      Loss: 0.00006237
    Epoch:   400      Loss: 0.00000225
    Epoch:   499      Loss: 0.00000014

Total GD training time: 41 secs


############# Lotka-Volterra with Neural ODE #############

  - Time Horizon T:  7.460000000000001
  - Savepath:  results_sgd_2/00039.npz


=== Beginning Training ... ===
    Epoch:     0      Loss: 1.38364911
    Epoch:   100      Loss: 0.30821258
    Epoch:   200      Loss: 0.00183986
    Epoch:   300      Loss: 0.00006124
    Epoch:   400      Loss: 0.00000232
    Epoch:   499      Loss: 0.00000014

Total GD training time: 39 secs


############# Lotka-Volterra with Neural ODE #############

  - Time Horizon T:  7.6000000000000005
  - Savepath:  results_sgd_2/00040.npz


=== Beginning Training ... ===
    Epoch:     0      Loss: 1.37514234
    Epoch:   100      Loss: 0.30194697
    Epoch:   200      Loss: 0.00178577
    Epoch:   300      Loss: 0.00006257
    Epoch:   400      Loss: 0.00000250
    Epoch:   499      Loss: 0.00000016

Total GD training time: 30 secs


############# Lotka-Volterra with Neural ODE #############

  - Time Horizon T:  7.74
  - Savepath:  results_sgd_2/00041.npz


=== Beginning Training ... ===
    Epoch:     0      Loss: 1.36880219
    Epoch:   100      Loss: 0.29753739
    Epoch:   200      Loss: 0.00178282
    Epoch:   300      Loss: 0.00006562
    Epoch:   400      Loss: 0.00000277
    Epoch:   499      Loss: 0.00000018

Total GD training time: 21 secs


############# Lotka-Volterra with Neural ODE #############

  - Time Horizon T:  7.880000000000001
  - Savepath:  results_sgd_2/00042.npz


=== Beginning Training ... ===
    Epoch:     0      Loss: 1.36447704
    Epoch:   100      Loss: 0.29465741
    Epoch:   200      Loss: 0.00182003
    Epoch:   300      Loss: 0.00007084
    Epoch:   400      Loss: 0.00000314
    Epoch:   499      Loss: 0.00000020

Total GD training time: 22 secs


############# Lotka-Volterra with Neural ODE #############

  - Time Horizon T:  8.02
  - Savepath:  results_sgd_2/00043.npz


=== Beginning Training ... ===
    Epoch:     0      Loss: 1.36199105
    Epoch:   100      Loss: 0.29285944
    Epoch:   200      Loss: 0.00188999
    Epoch:   300      Loss: 0.00007760
    Epoch:   400      Loss: 0.00000361
    Epoch:   499      Loss: 0.00000023

Total GD training time: 25 secs


############# Lotka-Volterra with Neural ODE #############

  - Time Horizon T:  8.16
  - Savepath:  results_sgd_2/00044.npz


=== Beginning Training ... ===
    Epoch:     0      Loss: 1.36115146
    Epoch:   100      Loss: 0.29183668
    Epoch:   200      Loss: 0.00198862
    Epoch:   300      Loss: 0.00008604
    Epoch:   400      Loss: 0.00000420
    Epoch:   499      Loss: 0.00000027

Total GD training time: 33 secs


############# Lotka-Volterra with Neural ODE #############

  - Time Horizon T:  8.3
  - Savepath:  results_sgd_2/00045.npz


=== Beginning Training ... ===
    Epoch:     0      Loss: 1.36175203
    Epoch:   100      Loss: 0.29128292
    Epoch:   200      Loss: 0.00211319
    Epoch:   300      Loss: 0.00009601
    Epoch:   400      Loss: 0.00000490
    Epoch:   499      Loss: 0.00000031

Total GD training time: 42 secs


############# Lotka-Volterra with Neural ODE #############

  - Time Horizon T:  8.440000000000001
  - Savepath:  results_sgd_2/00046.npz


=== Beginning Training ... ===
    Epoch:     0      Loss: 1.36357009
    Epoch:   100      Loss: 0.29102358
    Epoch:   200      Loss: 0.00226232
    Epoch:   300      Loss: 0.00010754
    Epoch:   400      Loss: 0.00000570
    Epoch:   499      Loss: 0.00000037

Total GD training time: 44 secs


############# Lotka-Volterra with Neural ODE #############

  - Time Horizon T:  8.580000000000002
  - Savepath:  results_sgd_2/00047.npz


=== Beginning Training ... ===
    Epoch:     0      Loss: 1.36639595
    Epoch:   100      Loss: 0.29083169
    Epoch:   200      Loss: 0.00243190
    Epoch:   300      Loss: 0.00012045
    Epoch:   400      Loss: 0.00000658
    Epoch:   499      Loss: 0.00000043

Total GD training time: 37 secs


############# Lotka-Volterra with Neural ODE #############

  - Time Horizon T:  8.72
  - Savepath:  results_sgd_2/00048.npz


=== Beginning Training ... ===
    Epoch:     0      Loss: 1.37001574
    Epoch:   100      Loss: 0.29060099
    Epoch:   200      Loss: 0.00262042
    Epoch:   300      Loss: 0.00013471
    Epoch:   400      Loss: 0.00000757
    Epoch:   499      Loss: 0.00000054

Total GD training time: 29 secs


############# Lotka-Volterra with Neural ODE #############

  - Time Horizon T:  8.86
  - Savepath:  results_sgd_2/00049.npz


=== Beginning Training ... ===
    Epoch:     0      Loss: 1.37422037
    Epoch:   100      Loss: 0.29022548
    Epoch:   200      Loss: 0.00282211
    Epoch:   300      Loss: 0.00014963
    Epoch:   400      Loss: 0.00000864
    Epoch:   499      Loss: 0.00000058

Total GD training time: 23 secs


############# Lotka-Volterra with Neural ODE #############

  - Time Horizon T:  9.0
  - Savepath:  results_sgd_2/00050.npz


=== Beginning Training ... ===
    Epoch:     0      Loss: 1.37880957
    Epoch:   100      Loss: 0.28961730
    Epoch:   200      Loss: 0.00303361
    Epoch:   300      Loss: 0.00016541
    Epoch:   400      Loss: 0.00000978
    Epoch:   499      Loss: 0.00000066

Total GD training time: 23 secs


############# Lotka-Volterra with Neural ODE #############

  - Time Horizon T:  9.14
  - Savepath:  results_sgd_2/00051.npz


=== Beginning Training ... ===
    Epoch:     0      Loss: 1.38359404
    Epoch:   100      Loss: 0.28883633
    Epoch:   200      Loss: 0.00326293
    Epoch:   300      Loss: 0.00018203
    Epoch:   400      Loss: 0.00001088
    Epoch:   499      Loss: 0.00000073

Total GD training time: 31 secs


############# Lotka-Volterra with Neural ODE #############

  - Time Horizon T:  9.280000000000001
  - Savepath:  results_sgd_2/00052.npz


=== Beginning Training ... ===
    Epoch:     0      Loss: 1.38838303
    Epoch:   100      Loss: 0.28784531
    Epoch:   200      Loss: 0.00349811
    Epoch:   300      Loss: 0.00019897
    Epoch:   400      Loss: 0.00001214
    Epoch:   499      Loss: 0.00000083

Total GD training time: 40 secs


############# Lotka-Volterra with Neural ODE #############

  - Time Horizon T:  9.420000000000002
  - Savepath:  results_sgd_2/00053.npz


=== Beginning Training ... ===
    Epoch:     0      Loss: 1.39301956
    Epoch:   100      Loss: 0.28677312
    Epoch:   200      Loss: 0.00375367
    Epoch:   300      Loss: 0.00021704
    Epoch:   400      Loss: 0.00001332
    Epoch:   499      Loss: 0.00000092

Total GD training time: 45 secs


############# Lotka-Volterra with Neural ODE #############

  - Time Horizon T:  9.56
  - Savepath:  results_sgd_2/00054.npz


=== Beginning Training ... ===
    Epoch:     0      Loss: 1.39735067
    Epoch:   100      Loss: 0.28564340
    Epoch:   200      Loss: 0.00402833
    Epoch:   300      Loss: 0.00023646
    Epoch:   400      Loss: 0.00001480
    Epoch:   499      Loss: 0.00000100

Total GD training time: 43 secs


############# Lotka-Volterra with Neural ODE #############

  - Time Horizon T:  9.700000000000001
  - Savepath:  results_sgd_2/00055.npz


=== Beginning Training ... ===
    Epoch:     0      Loss: 1.40124142
    Epoch:   100      Loss: 0.28455403
    Epoch:   200      Loss: 0.00433274
    Epoch:   300      Loss: 0.00025756
    Epoch:   400      Loss: 0.00001634
    Epoch:   499      Loss: 0.00000114

Total GD training time: 35 secs


############# Lotka-Volterra with Neural ODE #############

  - Time Horizon T:  9.84
  - Savepath:  results_sgd_2/00056.npz


=== Beginning Training ... ===
    Epoch:     0      Loss: 1.40457225
    Epoch:   100      Loss: 0.28356588
    Epoch:   200      Loss: 0.00467193
    Epoch:   300      Loss: 0.00028198
    Epoch:   400      Loss: 0.00001811
    Epoch:   499      Loss: 0.00000128

Total GD training time: 28 secs


############# Lotka-Volterra with Neural ODE #############

  - Time Horizon T:  9.98
  - Savepath:  results_sgd_2/00057.npz


=== Beginning Training ... ===
    Epoch:     0      Loss: 1.40724194
    Epoch:   100      Loss: 0.28268448
    Epoch:   200      Loss: 0.00507268
    Epoch:   300      Loss: 0.00031005
    Epoch:   400      Loss: 0.00002022
    Epoch:   499      Loss: 0.00000145

Total GD training time: 25 secs


############# Lotka-Volterra with Neural ODE #############

  - Time Horizon T:  10.120000000000001
  - Savepath:  results_sgd_2/00058.npz


=== Beginning Training ... ===
    Epoch:     0      Loss: 1.40916181
    Epoch:   100      Loss: 0.28194857
    Epoch:   200      Loss: 0.00552945
    Epoch:   300      Loss: 0.00034324
    Epoch:   400      Loss: 0.00002274
    Epoch:   499      Loss: 0.00000165

Total GD training time: 22 secs


############# Lotka-Volterra with Neural ODE #############

  - Time Horizon T:  10.260000000000002
  - Savepath:  results_sgd_2/00059.npz


=== Beginning Training ... ===
    Epoch:     0      Loss: 1.41026831
    Epoch:   100      Loss: 0.28134146
    Epoch:   200      Loss: 0.00606484
    Epoch:   300      Loss: 0.00038287
    Epoch:   400      Loss: 0.00002585
    Epoch:   499      Loss: 0.00000191

Total GD training time: 8 secs


############# Lotka-Volterra with Neural ODE #############

  - Time Horizon T:  10.4
  - Savepath:  results_sgd_2/00060.npz


=== Beginning Training ... ===
    Epoch:     0      Loss: 1.41051280
    Epoch:   100      Loss: 0.28084973
    Epoch:   200      Loss: 0.00669326
    Epoch:   300      Loss: 0.00043016
    Epoch:   400      Loss: 0.00002966
    Epoch:   499      Loss: 0.00000224

Total GD training time: 8 secs


############# Lotka-Volterra with Neural ODE #############

  - Time Horizon T:  10.540000000000001
  - Savepath:  results_sgd_2/00061.npz


=== Beginning Training ... ===
    Epoch:     0      Loss: 1.40986526
    Epoch:   100      Loss: 0.28042760
    Epoch:   200      Loss: 0.00741088
    Epoch:   300      Loss: 0.00048747
    Epoch:   400      Loss: 0.00003435
    Epoch:   499      Loss: 0.00000265

Total GD training time: 8 secs


############# Lotka-Volterra with Neural ODE #############

  - Time Horizon T:  10.680000000000001
  - Savepath:  results_sgd_2/00062.npz


=== Beginning Training ... ===
    Epoch:     0      Loss: 1.40831339
    Epoch:   100      Loss: 0.28006148
    Epoch:   200      Loss: 0.00824656
    Epoch:   300      Loss: 0.00055555
    Epoch:   400      Loss: 0.00003983
    Epoch:   499      Loss: 0.00000317

Total GD training time: 8 secs


############# Lotka-Volterra with Neural ODE #############

  - Time Horizon T:  10.82
  - Savepath:  results_sgd_2/00063.npz


=== Beginning Training ... ===
    Epoch:     0      Loss: 1.40586352
    Epoch:   100      Loss: 0.27971378
    Epoch:   200      Loss: 0.00921218
    Epoch:   300      Loss: 0.00063627
    Epoch:   400      Loss: 0.00004680
    Epoch:   499      Loss: 0.00000374

Total GD training time: 8 secs


############# Lotka-Volterra with Neural ODE #############

  - Time Horizon T:  10.96
  - Savepath:  results_sgd_2/00064.npz


=== Beginning Training ... ===
    Epoch:     0      Loss: 1.40253818
    Epoch:   100      Loss: 0.27934721
    Epoch:   200      Loss: 0.01028906
    Epoch:   300      Loss: 0.00073319
    Epoch:   400      Loss: 0.00005525
    Epoch:   499      Loss: 0.00000459

Total GD training time: 8 secs


############# Lotka-Volterra with Neural ODE #############

  - Time Horizon T:  11.100000000000001
  - Savepath:  results_sgd_2/00065.npz


=== Beginning Training ... ===
    Epoch:     0      Loss: 1.39837825
    Epoch:   100      Loss: 0.27894166
    Epoch:   200      Loss: 0.01150620
    Epoch:   300      Loss: 0.00084667
    Epoch:   400      Loss: 0.00006580
    Epoch:   499      Loss: 0.00000553

Total GD training time: 8 secs


############# Lotka-Volterra with Neural ODE #############

  - Time Horizon T:  11.24
  - Savepath:  results_sgd_2/00066.npz


=== Beginning Training ... ===
    Epoch:     0      Loss: 1.39343798
    Epoch:   100      Loss: 0.27844584
    Epoch:   200      Loss: 0.01284648
    Epoch:   300      Loss: 0.00097818
    Epoch:   400      Loss: 0.00007759
    Epoch:   499      Loss: 0.00000682

Total GD training time: 8 secs


############# Lotka-Volterra with Neural ODE #############

  - Time Horizon T:  11.38
  - Savepath:  results_sgd_2/00067.npz


=== Beginning Training ... ===
    Epoch:     0      Loss: 1.38778603
    Epoch:   100      Loss: 0.27788231
    Epoch:   200      Loss: 0.01581282
    Epoch:   300      Loss: 0.00113076
    Epoch:   400      Loss: 0.00009234
    Epoch:   499      Loss: 0.00000824

Total GD training time: 8 secs


############# Lotka-Volterra with Neural ODE #############

  - Time Horizon T:  11.520000000000001
  - Savepath:  results_sgd_2/00068.npz


=== Beginning Training ... ===
    Epoch:     0      Loss: 1.38150239
    Epoch:   100      Loss: 0.27718425
    Epoch:   200      Loss: 0.04754969
    Epoch:   300      Loss: 0.00130281
    Epoch:   400      Loss: 0.00010865
    Epoch:   499      Loss: 0.00000998

Total GD training time: 8 secs


############# Lotka-Volterra with Neural ODE #############

  - Time Horizon T:  11.66
  - Savepath:  results_sgd_2/00069.npz


=== Beginning Training ... ===
    Epoch:     0      Loss: 1.37467635
    Epoch:   100      Loss: 0.27637550
    Epoch:   200      Loss: 0.09293443
    Epoch:   300      Loss: 0.00149831
    Epoch:   400      Loss: 0.00012810
    Epoch:   499      Loss: 0.00001200

Total GD training time: 9 secs


############# Lotka-Volterra with Neural ODE #############

  - Time Horizon T:  11.8
  - Savepath:  results_sgd_2/00070.npz


=== Beginning Training ... ===
    Epoch:     0      Loss: 1.36740446
    Epoch:   100      Loss: 0.27542126
    Epoch:   200      Loss: 0.12438583
    Epoch:   300      Loss: 0.00171759
    Epoch:   400      Loss: 0.00014967
    Epoch:   499      Loss: 0.00001418

Total GD training time: 9 secs


############# Lotka-Volterra with Neural ODE #############

  - Time Horizon T:  11.940000000000001
  - Savepath:  results_sgd_2/00071.npz


=== Beginning Training ... ===
    Epoch:     0      Loss: 1.35979283
    Epoch:   100      Loss: 0.27432173
    Epoch:   200      Loss: 0.14511384
    Epoch:   300      Loss: 0.00195339
    Epoch:   400      Loss: 0.00017383
    Epoch:   499      Loss: 0.00001679

Total GD training time: 9 secs


############# Lotka-Volterra with Neural ODE #############

  - Time Horizon T:  12.080000000000002
  - Savepath:  results_sgd_2/00072.npz


=== Beginning Training ... ===
    Epoch:     0      Loss: 1.35194683
    Epoch:   100      Loss: 0.27306110
    Epoch:   200      Loss: 0.15939030
    Epoch:   300      Loss: 0.00221329
    Epoch:   400      Loss: 0.00020000
    Epoch:   499      Loss: 0.00001975

Total GD training time: 9 secs


############# Lotka-Volterra with Neural ODE #############

  - Time Horizon T:  12.22
  - Savepath:  results_sgd_2/00073.npz


=== Beginning Training ... ===
    Epoch:     0      Loss: 1.34397209
    Epoch:   100      Loss: 0.27165452
    Epoch:   200      Loss: 0.16946445
    Epoch:   300      Loss: 0.00248523
    Epoch:   400      Loss: 0.00022865
    Epoch:   499      Loss: 0.00002276

Total GD training time: 9 secs


############# Lotka-Volterra with Neural ODE #############

  - Time Horizon T:  12.360000000000001
  - Savepath:  results_sgd_2/00074.npz


=== Beginning Training ... ===
    Epoch:     0      Loss: 1.33597255
    Epoch:   100      Loss: 0.27007255
    Epoch:   200      Loss: 0.17677222
    Epoch:   300      Loss: 0.00277056
    Epoch:   400      Loss: 0.00025899
    Epoch:   499      Loss: 0.00002626

Total GD training time: 9 secs


############# Lotka-Volterra with Neural ODE #############

  - Time Horizon T:  12.500000000000002
  - Savepath:  results_sgd_2/00075.npz


=== Beginning Training ... ===
    Epoch:     0      Loss: 1.32804918
    Epoch:   100      Loss: 0.26835746
    Epoch:   200      Loss: 0.18209714
    Epoch:   300      Loss: 0.00306528
    Epoch:   400      Loss: 0.00029066
    Epoch:   499      Loss: 0.00002979

Total GD training time: 9 secs


############# Lotka-Volterra with Neural ODE #############

  - Time Horizon T:  12.64
  - Savepath:  results_sgd_2/00076.npz


=== Beginning Training ... ===
    Epoch:     0      Loss: 1.32029569
    Epoch:   100      Loss: 0.26651570
    Epoch:   200      Loss: 0.18597957
    Epoch:   300      Loss: 0.00336886
    Epoch:   400      Loss: 0.00032353
    Epoch:   499      Loss: 0.00003333

Total GD training time: 9 secs


############# Lotka-Volterra with Neural ODE #############

  - Time Horizon T:  12.780000000000001
  - Savepath:  results_sgd_2/00077.npz


=== Beginning Training ... ===
    Epoch:     0      Loss: 1.31279802
    Epoch:   100      Loss: 0.26456839
    Epoch:   200      Loss: 0.18880527
    Epoch:   300      Loss: 0.00367242
    Epoch:   400      Loss: 0.00035761
    Epoch:   499      Loss: 0.00003756

Total GD training time: 9 secs


############# Lotka-Volterra with Neural ODE #############

  - Time Horizon T:  12.920000000000002
  - Savepath:  results_sgd_2/00078.npz


=== Beginning Training ... ===
    Epoch:     0      Loss: 1.30563748
    Epoch:   100      Loss: 0.26254341
Terminated

############# Lotka-Volterra with Neural ODE #############

  - Time Horizon T:  13.06
  - Savepath:  results_sgd_2/00079.npz


=== Beginning Training ... ===
    Epoch:     0      Loss: 1.29887915
    Epoch:   100      Loss: 0.26046836
    Epoch:   200      Loss: 0.19236390
    Epoch:   300      Loss: 0.00430864
    Epoch:   400      Loss: 0.00042984
    Epoch:   499      Loss: 0.00004609

Total GD training time: 9 secs


############# Lotka-Volterra with Neural ODE #############

  - Time Horizon T:  13.200000000000001
  - Savepath:  results_sgd_2/00080.npz


=== Beginning Training ... ===
    Epoch:     0      Loss: 1.29257774
    Epoch:   100      Loss: 0.25836962
    Epoch:   200      Loss: 0.19346093
    Epoch:   300      Loss: 0.00464473
    Epoch:   400      Loss: 0.00047086
    Epoch:   499      Loss: 0.00005126

Total GD training time: 9 secs


############# Lotka-Volterra with Neural ODE #############

  - Time Horizon T:  13.340000000000002
  - Savepath:  results_sgd_2/00081.npz


=== Beginning Training ... ===
    Epoch:     0      Loss: 1.28677678
    Epoch:   100      Loss: 0.25627211
    Epoch:   200      Loss: 0.19427951
    Epoch:   300      Loss: 0.00500537
Terminated

############# Lotka-Volterra with Neural ODE #############

  - Time Horizon T:  13.48
  - Savepath:  results_sgd_2/00082.npz


=== Beginning Training ... ===
    Epoch:     0      Loss: 1.28150833
    Epoch:   100      Loss: 0.25419450
    Epoch:   200      Loss: 0.19491117
Terminated

############# Lotka-Volterra with Neural ODE #############

  - Time Horizon T:  13.620000000000001
  - Savepath:  results_sgd_2/00083.npz


=== Beginning Training ... ===
    Epoch:     0      Loss: 1.27679229
    Epoch:   100      Loss: 0.25213587
    Epoch:   200      Loss: 0.19541620
Terminated

############# Lotka-Volterra with Neural ODE #############

  - Time Horizon T:  13.760000000000002
  - Savepath:  results_sgd_2/00084.npz


=== Beginning Training ... ===
    Epoch:     0      Loss: 1.27263641
    Epoch:   100      Loss: 0.25012642
    Epoch:   200      Loss: 0.19582053
    Epoch:   300      Loss: 0.00627985
    Epoch:   400      Loss: 0.00067814
    Epoch:   499      Loss: 0.00007825

Total GD training time: 9 secs


############# Lotka-Volterra with Neural ODE #############

  - Time Horizon T:  13.9
  - Savepath:  results_sgd_2/00085.npz


=== Beginning Training ... ===
    Epoch:     0      Loss: 1.26903784
    Epoch:   100      Loss: 0.24816498
    Epoch:   200      Loss: 0.19618487
    Epoch:   300      Loss: 0.00680145
    Epoch:   400      Loss: 0.00074803
    Epoch:   499      Loss: 0.00008776

Total GD training time: 9 secs


############# Lotka-Volterra with Neural ODE #############

  - Time Horizon T:  14.040000000000001
  - Savepath:  results_sgd_2/00086.npz


=== Beginning Training ... ===
    Epoch:     0      Loss: 1.26598358
    Epoch:   100      Loss: 0.24625608
    Epoch:   200      Loss: 0.19651277
    Epoch:   300      Loss: 0.00739075
    Epoch:   400      Loss: 0.00082875
    Epoch:   499      Loss: 0.00009833

Total GD training time: 9 secs


############# Lotka-Volterra with Neural ODE #############

  - Time Horizon T:  14.180000000000001
  - Savepath:  results_sgd_2/00087.npz


=== Beginning Training ... ===
    Epoch:     0      Loss: 1.26345217
    Epoch:   100      Loss: 0.24439234
    Epoch:   200      Loss: 0.19679751
    Epoch:   300      Loss: 0.00805529
    Epoch:   400      Loss: 0.00092228
    Epoch:   499      Loss: 0.00011190

Total GD training time: 9 secs


############# Lotka-Volterra with Neural ODE #############

  - Time Horizon T:  14.32
  - Savepath:  results_sgd_2/00088.npz


=== Beginning Training ... ===
    Epoch:     0      Loss: 1.26141322
    Epoch:   100      Loss: 0.24256735
    Epoch:   200      Loss: 0.19705582
    Epoch:   300      Loss: 0.00880169
    Epoch:   400      Loss: 0.00102972
    Epoch:   499      Loss: 0.00012701

Total GD training time: 9 secs


############# Lotka-Volterra with Neural ODE #############

  - Time Horizon T:  14.46
  - Savepath:  results_sgd_2/00089.npz


=== Beginning Training ... ===
    Epoch:     0      Loss: 1.25983047
    Epoch:   100      Loss: 0.24079230
    Epoch:   200      Loss: 0.19731027
    Epoch:   300      Loss: 0.00964686
    Epoch:   400      Loss: 0.00115633
    Epoch:   499      Loss: 0.00014483

Total GD training time: 9 secs


############# Lotka-Volterra with Neural ODE #############

  - Time Horizon T:  14.600000000000001
  - Savepath:  results_sgd_2/00090.npz


=== Beginning Training ... ===
    Epoch:     0      Loss: 1.25866199
    Epoch:   100      Loss: 0.23906349
    Epoch:   200      Loss: 0.19749291
    Epoch:   300      Loss: 0.01060289
    Epoch:   400      Loss: 0.00130252
    Epoch:   499      Loss: 0.00016579

Total GD training time: 9 secs


############# Lotka-Volterra with Neural ODE #############

  - Time Horizon T:  14.740000000000002
  - Savepath:  results_sgd_2/00091.npz


=== Beginning Training ... ===
    Epoch:     0      Loss: 1.25785792
    Epoch:   100      Loss: 0.23735844
    Epoch:   200      Loss: 0.19764957
    Epoch:   300      Loss: 0.01169101
    Epoch:   400      Loss: 0.00147044
    Epoch:   499      Loss: 0.00018985

Total GD training time: 9 secs


############# Lotka-Volterra with Neural ODE #############

  - Time Horizon T:  14.88
  - Savepath:  results_sgd_2/00092.npz


=== Beginning Training ... ===
    Epoch:     0      Loss: 1.25736952
    Epoch:   100      Loss: 0.23569721
    Epoch:   200      Loss: 0.19775482
    Epoch:   300      Loss: 0.01291328
    Epoch:   400      Loss: 0.00167023
    Epoch:   499      Loss: 0.00021903

Total GD training time: 9 secs


############# Lotka-Volterra with Neural ODE #############

  - Time Horizon T:  15.020000000000001
  - Savepath:  results_sgd_2/00093.npz


=== Beginning Training ... ===
    Epoch:     0      Loss: 1.25714409
    Epoch:   100      Loss: 0.23406608
    Epoch:   200      Loss: 0.19781621
    Epoch:   300      Loss: 0.01430908
    Epoch:   400      Loss: 0.00190068
    Epoch:   499      Loss: 0.00025295

Total GD training time: 9 secs


############# Lotka-Volterra with Neural ODE #############

  - Time Horizon T:  15.160000000000002
  - Savepath:  results_sgd_2/00094.npz


=== Beginning Training ... ===
    Epoch:     0      Loss: 1.25712764
    Epoch:   100      Loss: 0.23245579
    Epoch:   200      Loss: 0.19781199
    Epoch:   300      Loss: 0.01871796
    Epoch:   400      Loss: 0.00216698
    Epoch:   499      Loss: 0.00029132

Total GD training time: 9 secs


############# Lotka-Volterra with Neural ODE #############

  - Time Horizon T:  15.3
  - Savepath:  results_sgd_2/00095.npz


=== Beginning Training ... ===
    Epoch:     0      Loss: 1.25726759
    Epoch:   100      Loss: 0.23087823
    Epoch:   200      Loss: 0.19775531
    Epoch:   300      Loss: 0.04644234
    Epoch:   400      Loss: 0.00247692
    Epoch:   499      Loss: 0.00033814

Total GD training time: 9 secs


############# Lotka-Volterra with Neural ODE #############

  - Time Horizon T:  15.440000000000001
  - Savepath:  results_sgd_2/00096.npz


=== Beginning Training ... ===
    Epoch:     0      Loss: 1.25751042
    Epoch:   100      Loss: 0.22932988
    Epoch:   200      Loss: 0.19764981
    Epoch:   300      Loss: 0.07744248
    Epoch:   400      Loss: 0.00283821
    Epoch:   499      Loss: 0.00039242

Total GD training time: 9 secs


############# Lotka-Volterra with Neural ODE #############

  - Time Horizon T:  15.580000000000002
  - Savepath:  results_sgd_2/00097.npz


=== Beginning Training ... ===
    Epoch:     0      Loss: 1.25780332
    Epoch:   100      Loss: 0.22780623
    Epoch:   200      Loss: 0.19748665
    Epoch:   300      Loss: 0.09924021
    Epoch:   400      Loss: 0.00325708
    Epoch:   499      Loss: 0.00045559

Total GD training time: 9 secs


############# Lotka-Volterra with Neural ODE #############

  - Time Horizon T:  15.72
  - Savepath:  results_sgd_2/00098.npz


=== Beginning Training ... ===
    Epoch:     0      Loss: 1.25809813
    Epoch:   100      Loss: 0.22631294
    Epoch:   200      Loss: 0.19727117
    Epoch:   300      Loss: 0.11441849
    Epoch:   400      Loss: 0.00374961
    Epoch:   499      Loss: 0.00052973

Total GD training time: 9 secs


############# Lotka-Volterra with Neural ODE #############

  - Time Horizon T:  15.860000000000001
  - Savepath:  results_sgd_2/00099.npz


=== Beginning Training ... ===
    Epoch:     0      Loss: 1.25834942
    Epoch:   100      Loss: 0.22484370
    Epoch:   200      Loss: 0.19701102
    Epoch:   300      Loss: 0.12549169
    Epoch:   400      Loss: 0.00431519
    Epoch:   499      Loss: 0.00061667

Total GD training time: 9 secs


############# Lotka-Volterra with Neural ODE #############

  - Time Horizon T:  16.0
  - Savepath:  results_sgd_2/00100.npz


=== Beginning Training ... ===
    Epoch:     0      Loss: 1.25851512
    Epoch:   100      Loss: 0.22340453
    Epoch:   200      Loss: 0.19671236
    Epoch:   300      Loss: 0.13387142
    Epoch:   400      Loss: 0.00496149
    Epoch:   499      Loss: 0.00071806

Total GD training time: 9 secs

549169
    Epoch:   400      Loss: 0.00431519
    Epoch:   499      Loss: 0.00061667

Total GD training time: 35 secs


############# Lotka-Volterra with Neural ODE #############

  - Time Horizon T:  16.0
  - Savepath:  results_sgd_2/00100.npz


=== Beginning Training ... ===
    Epoch:     0      Loss: 1.25851512
    Epoch:   100      Loss: 0.22340453
    Epoch:   200      Loss: 0.19671236
    Epoch:   300      Loss: 0.13387142
    Epoch:   400      Loss: 0.00496149
    Epoch:   499      Loss: 0.00071806

Total GD training time: 35 secs

